2023-03-21 08:10:42.704 [info] Added views:workbench.panel.markers.view in workbench.panel.markers
2023-03-21 08:10:42.704 [info] Added views:workbench.panel.output in workbench.panel.output
2023-03-21 08:10:42.704 [info] Added views:terminal in terminal
2023-03-21 08:10:42.704 [info] Added views:outline in workbench.view.explorer
2023-03-21 08:10:42.704 [info] Added views:workbench.scm in workbench.view.scm
2023-03-21 08:10:42.704 [info] Added views:workbench.view.search in workbench.view.search
2023-03-21 08:10:42.704 [info] Added views:timeline in workbench.view.explorer
2023-03-21 08:10:42.704 [info] Added views:workbench.explorer.fileView in workbench.view.explorer
2023-03-21 08:10:43.073 [info] Added views:projectsExplorerFavorites,projectManagerHelpAndFeedback in workbench.view.extension.project-manager
2023-03-21 08:10:43.441 [info] Added views:workbench.debug.welcome in workbench.view.debug
2023-03-21 08:10:43.758 [info] Added views:workbench.panel.repl.view in workbench.panel.repl
2023-03-21 08:10:44.192 [info] Added views:projectsExplorerGit in workbench.view.extension.project-manager
2023-03-21 10:31:39.570 [info] Added views:workbench.panel.markers.view in workbench.panel.markers
2023-03-21 10:31:39.571 [info] Added views:workbench.panel.output in workbench.panel.output
2023-03-21 10:31:39.571 [info] Added views:terminal in terminal
2023-03-21 10:31:39.571 [info] Added views:outline in workbench.view.explorer
2023-03-21 10:31:39.571 [info] Added views:workbench.scm in workbench.view.scm
2023-03-21 10:31:39.571 [info] Added views:workbench.view.search in workbench.view.search
2023-03-21 10:31:39.571 [info] Added views:timeline in workbench.view.explorer
2023-03-21 10:31:39.571 [info] Added views:workbench.explorer.fileView in workbench.view.explorer
2023-03-21 10:31:39.897 [info] Added views:workbench.debug.welcome in workbench.view.debug
2023-03-21 10:31:40.120 [info] Added views:projectsExplorerFavorites,projectManagerHelpAndFeedback in workbench.view.extension.project-manager
2023-03-21 10:31:41.460 [info] Added views:workbench.panel.repl.view in workbench.panel.repl
2023-03-21 10:31:42.067 [info] Added views:projectsExplorerGit in workbench.view.extension.project-manager
2023-03-21 10:32:12.842 [info] Added views:workbench.panel.markers.view in workbench.panel.markers
2023-03-21 10:32:12.842 [info] Added views:workbench.panel.output in workbench.panel.output
2023-03-21 10:32:12.842 [info] Added views:terminal in terminal
2023-03-21 10:32:12.842 [info] Added views:outline in workbench.view.explorer
2023-03-21 10:32:12.842 [info] Added views:workbench.scm in workbench.view.scm
2023-03-21 10:32:12.842 [info] Added views:workbench.view.search in workbench.view.search
2023-03-21 10:32:12.842 [info] Added views:timeline in workbench.view.explorer
2023-03-21 10:32:12.842 [info] Added views:workbench.explorer.fileView in workbench.view.explorer
2023-03-21 10:32:13.103 [info] Added views:workbench.debug.welcome in workbench.view.debug
2023-03-21 10:32:13.366 [info] Added views:projectsExplorerFavorites,projectManagerHelpAndFeedback in workbench.view.extension.project-manager
2023-03-21 10:32:14.231 [info] Added views:workbench.panel.repl.view in workbench.panel.repl
2023-03-21 10:32:14.924 [info] Added views:projectsExplorerGit in workbench.view.extension.project-manager
