2023-03-01 10:28:38.447 [info] Added views:workbench.panel.markers.view in workbench.panel.markers
2023-03-01 10:28:38.447 [info] Added views:workbench.panel.output in workbench.panel.output
2023-03-01 10:28:38.447 [info] Added views:terminal in terminal
2023-03-01 10:28:38.447 [info] Added views:outline in workbench.view.explorer
2023-03-01 10:28:38.447 [info] Added views:workbench.scm in workbench.view.scm
2023-03-01 10:28:38.447 [info] Added views:workbench.view.search in workbench.view.search
2023-03-01 10:28:38.447 [info] Added views:timeline in workbench.view.explorer
2023-03-01 10:28:38.447 [info] Added views:workbench.explorer.fileView in workbench.view.explorer
2023-03-01 10:28:38.973 [info] Added views:workbench.debug.welcome in workbench.view.debug
2023-03-01 10:28:39.190 [info] Added views:projectsExplorerFavorites,projectManagerHelpAndFeedback in workbench.view.extension.project-manager
2023-03-01 10:28:39.833 [info] Added views:workbench.panel.repl.view in workbench.panel.repl
2023-03-01 10:28:40.717 [info] Added views:projectsExplorerGit in workbench.view.extension.project-manager
2023-03-01 11:18:11.936 [info] Added views:workbench.panel.markers.view in workbench.panel.markers
2023-03-01 11:18:11.936 [info] Added views:workbench.panel.output in workbench.panel.output
2023-03-01 11:18:11.936 [info] Added views:terminal in terminal
2023-03-01 11:18:11.936 [info] Added views:outline in workbench.view.explorer
2023-03-01 11:18:11.936 [info] Added views:workbench.scm in workbench.view.scm
2023-03-01 11:18:11.936 [info] Added views:workbench.view.search in workbench.view.search
2023-03-01 11:18:11.936 [info] Added views:timeline in workbench.view.explorer
2023-03-01 11:18:11.936 [info] Added views:workbench.explorer.fileView in workbench.view.explorer
2023-03-01 11:18:12.478 [info] Added views:workbench.debug.variablesView,workbench.debug.watchExpressionsView,workbench.debug.callStackView,workbench.debug.breakPointsView in workbench.view.debug
2023-03-01 11:18:12.736 [info] Added views:workbench.panel.repl.view in workbench.panel.repl
2023-03-01 11:18:12.738 [info] Removed views:workbench.debug.breakPointsView,workbench.debug.callStackView,workbench.debug.watchExpressionsView,workbench.debug.variablesView from workbench.view.debug
2023-03-01 11:18:12.740 [info] Added views:workbench.debug.welcome in workbench.view.debug
2023-03-01 11:18:15.495 [info] Added views:projectsExplorerFavorites,projectManagerHelpAndFeedback in workbench.view.extension.project-manager
2023-03-01 11:18:15.756 [info] Added views:projectsExplorerGit in workbench.view.extension.project-manager
