2023-03-02 10:30:05.931 [info] Log level: Info
2023-03-02 10:30:05.931 [info] Validating found git in: "git"
2023-03-02 10:30:05.931 [info] Using git "2.39.2" from "git"
2023-03-02 10:30:05.931 [info] > git rev-parse --show-toplevel [16ms]
2023-03-02 10:30:05.931 [info] fatal: not a git repository (or any of the parent directories): .git
2023-03-02 10:30:05.931 [info] > git rev-parse --show-toplevel [2ms]
2023-03-02 10:30:05.931 [info] fatal: not a git repository (or any of the parent directories): .git
2023-03-02 10:30:05.931 [info] > git rev-parse --show-toplevel [2ms]
2023-03-02 10:30:05.931 [info] fatal: not a git repository (or any of the parent directories): .git
2023-03-02 11:15:08.428 [info] Log level: Info
2023-03-02 11:15:08.428 [info] Validating found git in: "git"
2023-03-02 11:15:08.428 [info] Using git "2.39.2" from "git"
2023-03-02 11:15:08.428 [info] > git rev-parse --show-toplevel [22ms]
2023-03-02 11:15:08.428 [info] fatal: not a git repository (or any of the parent directories): .git
2023-03-02 11:15:08.436 [info] > git rev-parse --show-toplevel [16ms]
2023-03-02 11:15:08.436 [info] fatal: not a git repository (or any of the parent directories): .git
2023-03-02 11:15:16.799 [info] > git rev-parse --show-toplevel [17ms]
2023-03-02 11:15:16.799 [info] fatal: not a git repository (or any of the parent directories): .git
2023-03-02 11:15:34.995 [info] Log level: Info
2023-03-02 11:15:34.995 [info] Validating found git in: "git"
2023-03-02 11:15:34.995 [info] Using git "2.39.2" from "git"
2023-03-02 11:15:34.995 [info] > git rev-parse --show-toplevel [7ms]
2023-03-02 11:15:34.995 [info] fatal: not a git repository (or any of the parent directories): .git
2023-03-02 11:15:41.827 [info] > git rev-parse --show-toplevel [14ms]
2023-03-02 11:15:41.827 [info] fatal: not a git repository (or any of the parent directories): .git
2023-03-02 11:52:09.554 [info] Log level: Info
2023-03-02 11:52:09.554 [info] Validating found git in: "git"
2023-03-02 11:52:09.554 [info] Using git "2.39.2" from "git"
2023-03-02 11:52:09.554 [info] > git rev-parse --show-toplevel [16ms]
2023-03-02 11:52:09.554 [info] fatal: not a git repository (or any of the parent directories): .git
2023-03-02 11:52:09.598 [info] > git rev-parse --show-toplevel [43ms]
2023-03-02 11:52:09.598 [info] fatal: not a git repository (or any of the parent directories): .git
2023-03-02 11:52:09.615 [info] > git rev-parse --show-toplevel [7ms]
2023-03-02 11:52:09.616 [info] fatal: not a git repository (or any of the parent directories): .git
2023-03-02 11:53:23.624 [info] Log level: Info
2023-03-02 11:53:23.624 [info] Validating found git in: "git"
2023-03-02 11:53:23.624 [info] Using git "2.39.2" from "git"
2023-03-02 11:53:23.624 [info] > git rev-parse --show-toplevel [74ms]
2023-03-02 11:53:23.624 [info] fatal: not a git repository (or any of the parent directories): .git
2023-03-02 11:53:23.632 [info] > git rev-parse --show-toplevel [74ms]
2023-03-02 11:53:23.632 [info] fatal: not a git repository (or any of the parent directories): .git
2023-03-02 11:53:23.649 [info] > git rev-parse --show-toplevel [6ms]
2023-03-02 11:53:23.649 [info] fatal: not a git repository (or any of the parent directories): .git
2023-03-02 11:53:23.923 [info] > git rev-parse --show-toplevel [8ms]
2023-03-02 11:53:23.923 [info] fatal: not a git repository (or any of the parent directories): .git
2023-03-02 11:53:24.160 [info] > git rev-parse --show-toplevel [11ms]
2023-03-02 11:53:24.161 [info] fatal: not a git repository (or any of the parent directories): .git
