2023-03-19 12:03:12.025 [info] Log level: Info
2023-03-19 12:03:12.025 [info] Validating found git in: "git"
2023-03-19 12:03:12.025 [info] Using git "2.40.0" from "git"
2023-03-19 12:03:12.025 [info] > git rev-parse --show-toplevel [9ms]
2023-03-19 12:03:12.025 [info] fatal: not a git repository (or any parent up to mount point /mnt)
Stopping at filesystem boundary (GIT_DISCOVERY_ACROSS_FILESYSTEM not set).
2023-03-19 12:03:12.128 [info] > git rev-parse --show-toplevel [106ms]
2023-03-19 12:03:12.128 [info] fatal: not a git repository (or any parent up to mount point /mnt)
Stopping at filesystem boundary (GIT_DISCOVERY_ACROSS_FILESYSTEM not set).
2023-03-19 12:03:12.205 [info] > git rev-parse --show-toplevel [65ms]
2023-03-19 12:03:12.205 [info] fatal: not a git repository (or any parent up to mount point /mnt)
Stopping at filesystem boundary (GIT_DISCOVERY_ACROSS_FILESYSTEM not set).
2023-03-19 12:03:12.275 [info] > git rev-parse --show-toplevel [60ms]
2023-03-19 12:03:12.275 [info] fatal: not a git repository (or any parent up to mount point /mnt)
Stopping at filesystem boundary (GIT_DISCOVERY_ACROSS_FILESYSTEM not set).
2023-03-19 12:03:12.293 [info] > git rev-parse --show-toplevel [8ms]
2023-03-19 12:03:12.293 [info] fatal: not a git repository (or any parent up to mount point /mnt)
Stopping at filesystem boundary (GIT_DISCOVERY_ACROSS_FILESYSTEM not set).
2023-03-19 12:03:12.439 [info] > git rev-parse --show-toplevel [139ms]
2023-03-19 12:03:12.439 [info] fatal: not a git repository (or any parent up to mount point /mnt)
Stopping at filesystem boundary (GIT_DISCOVERY_ACROSS_FILESYSTEM not set).
2023-03-19 12:03:12.464 [info] > git rev-parse --show-toplevel [19ms]
2023-03-19 12:03:12.464 [info] fatal: not a git repository (or any parent up to mount point /mnt)
Stopping at filesystem boundary (GIT_DISCOVERY_ACROSS_FILESYSTEM not set).
2023-03-19 12:03:12.485 [info] > git rev-parse --show-toplevel [14ms]
2023-03-19 12:03:12.485 [info] fatal: not a git repository (or any parent up to mount point /mnt)
Stopping at filesystem boundary (GIT_DISCOVERY_ACROSS_FILESYSTEM not set).
2023-03-19 12:03:12.506 [info] > git rev-parse --show-toplevel [12ms]
2023-03-19 12:03:12.506 [info] fatal: not a git repository (or any parent up to mount point /mnt)
Stopping at filesystem boundary (GIT_DISCOVERY_ACROSS_FILESYSTEM not set).
2023-03-19 12:03:12.577 [info] > git rev-parse --show-toplevel [63ms]
2023-03-19 12:03:12.577 [info] fatal: not a git repository (or any parent up to mount point /mnt)
Stopping at filesystem boundary (GIT_DISCOVERY_ACROSS_FILESYSTEM not set).
2023-03-19 12:03:12.605 [info] > git rev-parse --show-toplevel [20ms]
2023-03-19 12:03:12.605 [info] fatal: not a git repository (or any parent up to mount point /mnt)
Stopping at filesystem boundary (GIT_DISCOVERY_ACROSS_FILESYSTEM not set).
2023-03-19 12:04:10.539 [info] Log level: Info
2023-03-19 12:04:10.539 [info] Validating found git in: "git"
2023-03-19 12:04:10.540 [info] Using git "2.40.0" from "git"
2023-03-19 12:04:10.540 [info] > git rev-parse --show-toplevel [29ms]
2023-03-19 12:04:10.540 [info] fatal: not a git repository (or any of the parent directories): .git
2023-03-19 12:04:33.229 [info] > git rev-parse --show-toplevel [17ms]
2023-03-19 12:04:33.229 [info] fatal: not a git repository (or any of the parent directories): .git
2023-03-19 12:04:41.963 [info] > git rev-parse --show-toplevel [7ms]
2023-03-19 12:04:41.963 [info] fatal: not a git repository (or any of the parent directories): .git
2023-03-19 12:04:44.042 [info] > git rev-parse --show-toplevel [50ms]
2023-03-19 12:04:44.042 [info] fatal: not a git repository (or any of the parent directories): .git
2023-03-19 12:07:53.218 [info] > git rev-parse --show-toplevel [12ms]
2023-03-19 12:07:53.218 [info] fatal: not a git repository (or any of the parent directories): .git
2023-03-19 12:08:07.990 [info] > git rev-parse --show-toplevel [4ms]
2023-03-19 12:08:07.990 [info] fatal: not a git repository (or any of the parent directories): .git
2023-03-19 12:08:18.655 [info] > git rev-parse --show-toplevel [3ms]
2023-03-19 12:08:18.655 [info] fatal: not a git repository (or any of the parent directories): .git
2023-03-19 12:08:19.623 [info] > git rev-parse --show-toplevel [4ms]
2023-03-19 12:08:19.623 [info] fatal: not a git repository (or any of the parent directories): .git
2023-03-19 12:08:27.363 [info] > git rev-parse --show-toplevel [5ms]
2023-03-19 12:08:27.363 [info] fatal: not a git repository (or any of the parent directories): .git
2023-03-19 12:08:28.822 [info] > git rev-parse --show-toplevel [4ms]
2023-03-19 12:08:28.822 [info] fatal: not a git repository (or any of the parent directories): .git
2023-03-19 12:08:39.866 [info] > git rev-parse --show-toplevel [16ms]
2023-03-19 12:08:39.866 [info] fatal: not a git repository (or any of the parent directories): .git
2023-03-19 12:08:40.934 [info] > git rev-parse --show-toplevel [4ms]
2023-03-19 12:08:40.934 [info] fatal: not a git repository (or any of the parent directories): .git
2023-03-19 12:09:03.551 [info] > git rev-parse --show-toplevel [6ms]
2023-03-19 12:09:03.551 [info] fatal: not a git repository (or any of the parent directories): .git
2023-03-19 12:09:15.717 [info] > git rev-parse --show-toplevel [5ms]
2023-03-19 12:09:15.717 [info] fatal: not a git repository (or any of the parent directories): .git
2023-03-19 12:09:18.702 [info] > git rev-parse --show-toplevel [4ms]
2023-03-19 12:09:18.702 [info] fatal: not a git repository (or any of the parent directories): .git
2023-03-19 12:09:50.789 [info] > git rev-parse --show-toplevel [4ms]
2023-03-19 12:09:50.789 [info] fatal: not a git repository (or any of the parent directories): .git
2023-03-19 12:10:11.088 [info] > git rev-parse --show-toplevel [6ms]
2023-03-19 12:10:11.088 [info] fatal: not a git repository (or any of the parent directories): .git
2023-03-19 12:10:29.233 [info] > git rev-parse --show-toplevel [6ms]
2023-03-19 12:10:29.233 [info] fatal: not a git repository (or any of the parent directories): .git
