2023-03-19 12:03:10.400 [info] Extension host with pid 38439 started
2023-03-19 12:03:10.400 [info] Skipping acquiring lock for /home/ural/.config/VSCodium/User/workspaceStorage/af592781d3274fb7902553eb313c675a.
2023-03-19 12:03:11.035 [info] ExtensionService#_doActivateExtension vscode.emmet, startup: false, activationEvent: 'onLanguage'
2023-03-19 12:03:11.037 [info] ExtensionService#_doActivateExtension vscode.git-base, startup: true, activationEvent: '*', root cause: vscode.git
2023-03-19 12:03:11.038 [info] ExtensionService#_doActivateExtension alefragnani.project-manager, startup: true, activationEvent: '*'
2023-03-19 12:03:11.038 [info] ExtensionService#_doActivateExtension Shan.code-settings-sync, startup: true, activationEvent: '*'
2023-03-19 12:03:11.039 [info] ExtensionService#_doActivateExtension vscodevim.vim, startup: true, activationEvent: '*'
2023-03-19 12:03:11.736 [info] ExtensionService#_doActivateExtension vscode.microsoft-authentication, startup: false, activationEvent: 'onAuthenticationRequest:microsoft'
2023-03-19 12:03:11.737 [info] ExtensionService#_doActivateExtension vscode.git, startup: true, activationEvent: '*'
2023-03-19 12:03:11.737 [info] ExtensionService#_doActivateExtension vscode.github, startup: true, activationEvent: '*'
2023-03-19 12:03:12.002 [info] Eager extensions activated
2023-03-19 12:03:12.032 [info] ExtensionService#_doActivateExtension vscode.debug-auto-launch, startup: false, activationEvent: 'onStartupFinished'
2023-03-19 12:03:12.032 [info] ExtensionService#_doActivateExtension vscode.merge-conflict, startup: false, activationEvent: 'onStartupFinished'
2023-03-19 12:03:12.033 [info] ExtensionService#_doActivateExtension PKief.material-icon-theme, startup: false, activationEvent: 'onStartupFinished'
2023-03-19 12:03:12.033 [info] ExtensionService#_doActivateExtension ritwickdey.LiveServer, startup: false, activationEvent: 'onStartupFinished'
2023-03-19 12:03:12.033 [info] ExtensionService#_doActivateExtension zokugun.cron-tasks, startup: false, activationEvent: 'onStartupFinished'
2023-03-19 12:03:12.220 [info] ExtensionService#_doActivateExtension vscode.github-authentication, startup: false, activationEvent: 'onAuthenticationRequest:github'
2023-03-19 12:03:12.302 [info] ExtensionService#_doActivateExtension zokugun.sync-settings, startup: false, activationEvent: 'onStartupFinished'
2023-03-19 12:04:04.567 [info] Extension host terminating: renderer closed the socket
2023-03-19 12:04:04.597 [info] Extension host with pid 38439 exiting with code 0
2023-03-19 12:04:07.047 [info] Extension host with pid 38573 started
2023-03-19 12:04:07.047 [info] Skipping acquiring lock for /home/ural/.config/VSCodium/User/workspaceStorage/a8c461b237ac211a813114aba5d8d658.
2023-03-19 12:04:07.112 [info] ExtensionService#_doActivateExtension vscode.emmet, startup: false, activationEvent: 'onLanguage'
2023-03-19 12:04:07.113 [info] ExtensionService#_doActivateExtension vscode.microsoft-authentication, startup: false, activationEvent: 'onAuthenticationRequest:microsoft'
2023-03-19 12:04:07.113 [info] ExtensionService#_doActivateExtension vscode.git-base, startup: true, activationEvent: '*'
2023-03-19 12:04:07.113 [info] ExtensionService#_doActivateExtension vscodevim.vim, startup: true, activationEvent: '*'
2023-03-19 12:04:07.345 [info] ExtensionService#_doActivateExtension vscode.github, startup: true, activationEvent: '*'
2023-03-19 12:04:07.353 [info] Eager extensions activated
2023-03-19 12:04:07.357 [info] ExtensionService#_doActivateExtension vscode.debug-auto-launch, startup: false, activationEvent: 'onStartupFinished'
2023-03-19 12:04:07.357 [info] ExtensionService#_doActivateExtension vscode.merge-conflict, startup: false, activationEvent: 'onStartupFinished'
2023-03-19 12:04:07.357 [info] ExtensionService#_doActivateExtension PKief.material-icon-theme, startup: false, activationEvent: 'onStartupFinished'
2023-03-19 12:04:07.357 [info] ExtensionService#_doActivateExtension zokugun.cron-tasks, startup: false, activationEvent: 'onStartupFinished'
2023-03-19 12:04:07.408 [info] ExtensionService#_doActivateExtension vscode.github-authentication, startup: false, activationEvent: 'onAuthenticationRequest:github'
2023-03-19 12:04:10.220 [info] ExtensionService#_doActivateExtension vscode.git, startup: false, activationEvent: 'api', root cause: vscode.github
2023-03-19 12:04:10.252 [info] ExtensionService#_doActivateExtension alefragnani.project-manager, startup: false, activationEvent: '*'
2023-03-19 12:04:10.253 [info] ExtensionService#_doActivateExtension ritwickdey.LiveServer, startup: false, activationEvent: 'onStartupFinished'
2023-03-19 12:04:10.253 [info] ExtensionService#_doActivateExtension Shan.code-settings-sync, startup: false, activationEvent: '*'
2023-03-19 12:04:10.254 [info] ExtensionService#_doActivateExtension zokugun.sync-settings, startup: false, activationEvent: 'onStartupFinished'
2023-03-19 12:04:33.320 [info] ExtensionService#_doActivateExtension vscode.html-language-features, startup: false, activationEvent: 'onLanguage:html'
2023-03-19 12:04:41.998 [info] ExtensionService#_doActivateExtension vscode.typescript-language-features, startup: false, activationEvent: 'onLanguage:typescript'
2023-03-19 12:09:59.871 [info] ExtensionService#_doActivateExtension vscode.npm, startup: false, activationEvent: 'onTerminalQuickFixRequest:ms-vscode.npm-command'
