2023-03-21 08:10:44.577 [info] Log level: Info
2023-03-21 08:10:44.577 [info] Validating found git in: "git"
2023-03-21 08:10:44.577 [info] Using git "2.40.0" from "git"
2023-03-21 08:10:44.577 [info] > git rev-parse --show-toplevel [24ms]
2023-03-21 08:10:44.577 [info] fatal: not a git repository (or any of the parent directories): .git
2023-03-21 08:10:44.990 [info] > git rev-parse --show-toplevel [3ms]
2023-03-21 08:10:44.990 [info] fatal: not a git repository (or any of the parent directories): .git
2023-03-21 08:10:48.952 [info] > git rev-parse --show-toplevel [23ms]
2023-03-21 08:10:48.952 [info] fatal: not a git repository (or any of the parent directories): .git
2023-03-21 08:12:49.271 [info] > git rev-parse --show-toplevel [10ms]
2023-03-21 08:12:49.271 [info] fatal: not a git repository (or any of the parent directories): .git
2023-03-21 08:12:49.286 [info] > git rev-parse --show-toplevel [4ms]
2023-03-21 08:12:49.286 [info] fatal: not a git repository (or any of the parent directories): .git
2023-03-21 08:20:23.104 [info] > git rev-parse --show-toplevel [2ms]
2023-03-21 08:20:23.104 [info] fatal: not a git repository (or any of the parent directories): .git
2023-03-21 08:20:23.181 [info] > git rev-parse --show-toplevel [4ms]
2023-03-21 08:20:23.181 [info] fatal: not a git repository (or any of the parent directories): .git
2023-03-21 08:20:23.208 [info] > git rev-parse --show-toplevel [6ms]
2023-03-21 08:20:23.208 [info] fatal: not a git repository (or any of the parent directories): .git
2023-03-21 08:21:33.652 [info] > git rev-parse --show-toplevel [2ms]
2023-03-21 08:21:33.654 [info] fatal: not a git repository (or any of the parent directories): .git
2023-03-21 08:21:33.707 [info] > git rev-parse --show-toplevel [3ms]
2023-03-21 08:21:33.707 [info] fatal: not a git repository (or any of the parent directories): .git
2023-03-21 08:21:33.722 [info] > git rev-parse --show-toplevel [4ms]
2023-03-21 08:21:33.722 [info] fatal: not a git repository (or any of the parent directories): .git
2023-03-21 08:21:39.047 [info] > git rev-parse --show-toplevel [4ms]
2023-03-21 08:21:39.047 [info] fatal: not a git repository (or any of the parent directories): .git
2023-03-21 08:21:39.057 [info] > git rev-parse --show-toplevel [3ms]
2023-03-21 08:21:39.058 [info] fatal: not a git repository (or any of the parent directories): .git
2023-03-21 08:21:39.066 [info] > git rev-parse --show-toplevel [2ms]
2023-03-21 08:21:39.066 [info] fatal: not a git repository (or any of the parent directories): .git
2023-03-21 08:21:39.075 [info] > git rev-parse --show-toplevel [1ms]
2023-03-21 08:21:39.075 [info] fatal: not a git repository (or any of the parent directories): .git
2023-03-21 08:51:58.115 [info] > git rev-parse --show-toplevel [1ms]
2023-03-21 08:51:58.115 [info] fatal: not a git repository (or any of the parent directories): .git
2023-03-21 08:51:58.196 [info] > git rev-parse --show-toplevel [6ms]
2023-03-21 08:51:58.196 [info] fatal: not a git repository (or any of the parent directories): .git
2023-03-21 08:51:58.209 [info] > git rev-parse --show-toplevel [2ms]
2023-03-21 08:51:58.209 [info] fatal: not a git repository (or any of the parent directories): .git
2023-03-21 08:52:00.631 [info] > git rev-parse --show-toplevel [4ms]
2023-03-21 08:52:00.631 [info] fatal: not a git repository (or any of the parent directories): .git
2023-03-21 08:52:00.646 [info] > git rev-parse --show-toplevel [4ms]
2023-03-21 08:52:00.646 [info] fatal: not a git repository (or any of the parent directories): .git
2023-03-21 08:52:00.659 [info] > git rev-parse --show-toplevel [3ms]
2023-03-21 08:52:00.659 [info] fatal: not a git repository (or any of the parent directories): .git
2023-03-21 10:12:55.314 [info] > git rev-parse --show-toplevel [37ms]
2023-03-21 10:12:55.314 [info] fatal: not a git repository (or any of the parent directories): .git
2023-03-21 10:12:55.325 [info] > git rev-parse --show-toplevel [2ms]
2023-03-21 10:12:55.325 [info] fatal: not a git repository (or any of the parent directories): .git
2023-03-21 10:12:55.341 [info] > git rev-parse --show-toplevel [6ms]
2023-03-21 10:12:55.341 [info] fatal: not a git repository (or any of the parent directories): .git
2023-03-21 10:13:34.643 [info] > git rev-parse --show-toplevel [5ms]
2023-03-21 10:13:34.643 [info] fatal: not a git repository (or any of the parent directories): .git
2023-03-21 10:13:34.658 [info] > git rev-parse --show-toplevel [2ms]
2023-03-21 10:13:34.658 [info] fatal: not a git repository (or any of the parent directories): .git
2023-03-21 10:13:34.669 [info] > git rev-parse --show-toplevel [2ms]
2023-03-21 10:13:34.669 [info] fatal: not a git repository (or any of the parent directories): .git
2023-03-21 10:14:39.496 [info] > git rev-parse --show-toplevel [7ms]
2023-03-21 10:14:39.497 [info] fatal: not a git repository (or any of the parent directories): .git
2023-03-21 10:14:39.510 [info] > git rev-parse --show-toplevel [2ms]
2023-03-21 10:14:39.510 [info] fatal: not a git repository (or any of the parent directories): .git
2023-03-21 10:14:39.526 [info] > git rev-parse --show-toplevel [3ms]
2023-03-21 10:14:39.526 [info] fatal: not a git repository (or any of the parent directories): .git
2023-03-21 10:15:05.480 [info] > git rev-parse --show-toplevel [6ms]
2023-03-21 10:15:05.481 [info] fatal: not a git repository (or any of the parent directories): .git
2023-03-21 10:15:05.496 [info] > git rev-parse --show-toplevel [4ms]
2023-03-21 10:15:05.496 [info] fatal: not a git repository (or any of the parent directories): .git
2023-03-21 10:15:05.512 [info] > git rev-parse --show-toplevel [2ms]
2023-03-21 10:15:05.512 [info] fatal: not a git repository (or any of the parent directories): .git
2023-03-21 10:15:15.546 [info] > git rev-parse --show-toplevel [6ms]
2023-03-21 10:15:15.546 [info] fatal: not a git repository (or any of the parent directories): .git
2023-03-21 10:15:15.561 [info] > git rev-parse --show-toplevel [4ms]
2023-03-21 10:15:15.561 [info] fatal: not a git repository (or any of the parent directories): .git
2023-03-21 10:15:15.575 [info] > git rev-parse --show-toplevel [2ms]
2023-03-21 10:15:15.576 [info] fatal: not a git repository (or any of the parent directories): .git
2023-03-21 10:17:49.152 [info] > git rev-parse --show-toplevel [7ms]
2023-03-21 10:17:49.158 [info] fatal: not a git repository (or any of the parent directories): .git
2023-03-21 10:17:49.170 [info] > git rev-parse --show-toplevel [2ms]
2023-03-21 10:17:49.170 [info] fatal: not a git repository (or any of the parent directories): .git
2023-03-21 10:17:49.181 [info] > git rev-parse --show-toplevel [3ms]
2023-03-21 10:17:49.181 [info] fatal: not a git repository (or any of the parent directories): .git
2023-03-21 10:18:35.807 [info] > git rev-parse --show-toplevel [4ms]
2023-03-21 10:18:35.807 [info] fatal: not a git repository (or any of the parent directories): .git
2023-03-21 10:18:35.822 [info] > git rev-parse --show-toplevel [3ms]
2023-03-21 10:18:35.822 [info] fatal: not a git repository (or any of the parent directories): .git
2023-03-21 10:18:35.835 [info] > git rev-parse --show-toplevel [2ms]
2023-03-21 10:18:35.835 [info] fatal: not a git repository (or any of the parent directories): .git
2023-03-21 10:18:40.780 [info] > git rev-parse --show-toplevel [6ms]
2023-03-21 10:18:40.780 [info] fatal: not a git repository (or any of the parent directories): .git
2023-03-21 10:18:40.793 [info] > git rev-parse --show-toplevel [2ms]
2023-03-21 10:18:40.793 [info] fatal: not a git repository (or any of the parent directories): .git
2023-03-21 10:18:40.801 [info] > git rev-parse --show-toplevel [1ms]
2023-03-21 10:18:40.801 [info] fatal: not a git repository (or any of the parent directories): .git
2023-03-21 10:31:44.297 [info] Log level: Info
2023-03-21 10:31:44.304 [info] Validating found git in: "git"
2023-03-21 10:31:44.304 [info] Using git "2.40.0" from "git"
2023-03-21 10:31:44.304 [info] > git rev-parse --show-toplevel [15ms]
2023-03-21 10:31:44.304 [info] fatal: not a git repository (or any of the parent directories): .git
2023-03-21 10:31:44.304 [info] > git rev-parse --show-toplevel [210ms]
2023-03-21 10:31:44.304 [info] fatal: not a git repository (or any of the parent directories): .git
2023-03-21 10:31:44.304 [info] > git rev-parse --show-toplevel [2ms]
2023-03-21 10:31:44.304 [info] fatal: not a git repository (or any of the parent directories): .git
2023-03-21 10:32:15.715 [info] Log level: Info
2023-03-21 10:32:15.715 [info] Validating found git in: "git"
2023-03-21 10:32:15.715 [info] Using git "2.40.0" from "git"
2023-03-21 10:32:15.976 [info] > git rev-parse --show-toplevel [385ms]
2023-03-21 10:32:15.976 [info] fatal: not a git repository (or any of the parent directories): .git
2023-03-21 10:32:15.992 [info] > git rev-parse --show-toplevel [2ms]
2023-03-21 10:32:15.992 [info] fatal: not a git repository (or any of the parent directories): .git
2023-03-21 10:32:16.073 [info] > git rev-parse --show-toplevel [46ms]
2023-03-21 10:32:16.073 [info] fatal: not a git repository (or any of the parent directories): .git
2023-03-21 10:32:16.121 [info] > git rev-parse --show-toplevel [17ms]
2023-03-21 10:32:16.121 [info] fatal: not a git repository (or any of the parent directories): .git
2023-03-21 10:32:16.154 [info] > git rev-parse --show-toplevel [7ms]
2023-03-21 10:32:16.154 [info] fatal: not a git repository (or any of the parent directories): .git
2023-03-21 10:32:16.340 [info] > git rev-parse --show-toplevel [162ms]
2023-03-21 10:32:16.340 [info] fatal: not a git repository (or any of the parent directories): .git
2023-03-21 10:32:16.355 [info] > git rev-parse --show-toplevel [3ms]
2023-03-21 10:32:16.355 [info] fatal: not a git repository (or any of the parent directories): .git
2023-03-21 10:38:40.890 [info] > git rev-parse --show-toplevel [5ms]
2023-03-21 10:38:40.891 [info] fatal: not a git repository (or any of the parent directories): .git
2023-03-21 10:38:50.679 [info] > git rev-parse --show-toplevel [8ms]
2023-03-21 10:38:50.679 [info] fatal: not a git repository (or any of the parent directories): .git
2023-03-21 10:39:24.520 [info] > git rev-parse --show-toplevel [3ms]
2023-03-21 10:39:24.520 [info] fatal: not a git repository (or any of the parent directories): .git
2023-03-21 10:39:48.407 [info] > git rev-parse --show-toplevel [6ms]
2023-03-21 10:39:48.407 [info] fatal: not a git repository (or any of the parent directories): .git
2023-03-21 10:40:22.342 [info] > git rev-parse --show-toplevel [8ms]
2023-03-21 10:40:22.342 [info] fatal: not a git repository (or any of the parent directories): .git
2023-03-21 10:40:43.678 [info] > git rev-parse --show-toplevel [4ms]
2023-03-21 10:40:43.678 [info] fatal: not a git repository (or any of the parent directories): .git
