2023-03-07 10:29:35.271 [info] Log level: Info
2023-03-07 10:29:35.271 [info] Validating found git in: "git"
2023-03-07 10:29:35.271 [info] Using git "2.39.2" from "git"
2023-03-07 10:29:35.271 [info] > git rev-parse --show-toplevel [21ms]
2023-03-07 10:29:35.271 [info] fatal: not a git repository (or any of the parent directories): .git
2023-03-07 10:29:35.271 [info] > git rev-parse --show-toplevel [25ms]
2023-03-07 10:29:35.271 [info] fatal: not a git repository (or any of the parent directories): .git
2023-03-07 10:30:43.121 [info] > git rev-parse --show-toplevel [7ms]
2023-03-07 10:30:43.121 [info] fatal: not a git repository (or any of the parent directories): .git
2023-03-07 10:30:45.213 [info] > git rev-parse --show-toplevel [44ms]
2023-03-07 10:30:45.213 [info] fatal: not a git repository (or any of the parent directories): .git
2023-03-07 13:11:12.979 [info] > git rev-parse --show-toplevel [33ms]
2023-03-07 13:11:12.979 [info] fatal: not a git repository (or any of the parent directories): .git
2023-03-07 13:11:13.147 [info] > git rev-parse --show-toplevel [14ms]
2023-03-07 13:11:13.147 [info] fatal: not a git repository (or any of the parent directories): .git
2023-03-07 13:29:27.972 [info] > git rev-parse --show-toplevel [9ms]
2023-03-07 13:29:27.973 [info] fatal: not a git repository (or any of the parent directories): .git
2023-03-07 13:29:28.947 [info] > git rev-parse --show-toplevel [4ms]
2023-03-07 13:29:28.947 [info] fatal: not a git repository (or any of the parent directories): .git
2023-03-07 16:43:57.466 [info] > git rev-parse --show-toplevel [15ms]
2023-03-07 16:43:57.467 [info] fatal: not a git repository (or any of the parent directories): .git
2023-03-07 16:43:58.455 [info] > git rev-parse --show-toplevel [5ms]
2023-03-07 16:43:58.455 [info] fatal: not a git repository (or any of the parent directories): .git
