2023-03-21 08:10:44.980 [info] Configuration changed
2023-03-21 08:10:48.928 [info] Active editor: file:///home/ural/Projects/Code/TypeScript/helloWorld.ts
2023-03-21 08:12:49.253 [info] Active editor: file:///home/ural/Projects/Code/TypeScript/helloWorld.js
2023-03-21 08:12:50.270 [info] Active editor: file:///home/ural/Projects/Code/TypeScript/helloWorld.ts
2023-03-21 08:20:23.176 [info] Active editor: file:///home/ural/Projects/Code/TypeScript/types.ts
2023-03-21 08:21:33.703 [info] Active editor: file:///home/ural/Projects/Code/TypeScript/types.js
2023-03-21 08:21:39.043 [info] Active editor: file:///home/ural/Projects/Code/TypeScript/types.js
2023-03-21 08:21:41.127 [info] /home/ural/Projects/Code/TypeScript/helloWorld.js closed
2023-03-21 08:21:43.154 [info] /home/ural/Projects/Code/TypeScript/helloWorld.ts closed
2023-03-21 08:22:49.037 [info] Active editor: file:///home/ural/Projects/Code/TypeScript/types.ts
2023-03-21 08:51:58.189 [info] Active editor: file:///home/ural/Projects/Code/TypeScript/helloWorld.ts
2023-03-21 08:52:00.627 [info] /home/ural/Projects/Code/TypeScript/helloWorld.ts closed
2023-03-21 08:52:00.627 [info] Active editor: file:///home/ural/Projects/Code/TypeScript/types.ts
2023-03-21 10:05:51.963 [info] Active editor: file:///home/ural/Projects/Code/TypeScript/types.js
2023-03-21 10:05:53.873 [info] Active editor: file:///home/ural/Projects/Code/TypeScript/types.ts
2023-03-21 10:12:55.273 [info] Active editor: file:///home/ural/Projects/Code/TypeScript/timesTwo.ts
2023-03-21 10:13:34.637 [info] Active editor: file:///home/ural/Projects/Code/TypeScript/util.ts
2023-03-21 10:14:39.490 [info] Active editor: file:///home/ural/Projects/Code/TypeScript/timesTwo.ts
2023-03-21 10:15:05.474 [info] Active editor: file:///home/ural/Projects/Code/TypeScript/util.ts
2023-03-21 10:15:15.541 [info] Active editor: file:///home/ural/Projects/Code/TypeScript/timesTwo.ts
2023-03-21 10:17:49.144 [info] Active editor: file:///home/ural/Projects/Code/TypeScript/util.ts
2023-03-21 10:18:35.802 [info] Active editor: file:///home/ural/Projects/Code/TypeScript/timesTwo.ts
2023-03-21 10:18:40.775 [info] Active editor: file:///home/ural/Projects/Code/TypeScript/util.ts
2023-03-21 10:31:42.909 [info] Configuration changed
2023-03-21 10:31:43.214 [info] Configuration changed
2023-03-21 10:38:40.885 [info] Active editor: file:///home/ural/Projects/Code/JavaScript/NetNinja/Chapter12/index.html
2023-03-21 10:38:50.669 [info] Active editor: file:///home/ural/Projects/Code/JavaScript/NetNinja/Chapter12/sandbox.js
2023-03-21 10:39:24.517 [info] Active editor: file:///home/ural/Projects/Code/JavaScript/NetNinja/Chapter12/index.html
2023-03-21 10:39:48.401 [info] Active editor: file:///home/ural/Projects/Code/JavaScript/NetNinja/Chapter12/sandbox.js
2023-03-21 10:40:22.335 [info] Active editor: file:///home/ural/Projects/Code/JavaScript/NetNinja/Chapter12/index.html
2023-03-21 10:40:43.673 [info] Active editor: file:///home/ural/Projects/Code/JavaScript/NetNinja/Chapter12/sandbox.js
