2023-03-13 21:14:42.034 [info] Extension host with pid 5753 started
2023-03-13 21:14:42.034 [info] Skipping acquiring lock for /home/ural/.config/VSCodium/User/workspaceStorage/af592781d3274fb7902553eb313c675a.
2023-03-13 21:14:42.228 [info] ExtensionService#_doActivateExtension vscode.emmet, startup: false, activationEvent: 'onLanguage'
2023-03-13 21:14:42.229 [info] ExtensionService#_doActivateExtension vscode.microsoft-authentication, startup: false, activationEvent: 'onAuthenticationRequest:microsoft'
2023-03-13 21:14:42.229 [info] ExtensionService#_doActivateExtension vscode.git-base, startup: true, activationEvent: '*'
2023-03-13 21:14:42.229 [info] ExtensionService#_doActivateExtension vscodevim.vim, startup: true, activationEvent: '*'
2023-03-13 21:14:42.548 [info] ExtensionService#_doActivateExtension vscode.github, startup: true, activationEvent: '*'
2023-03-13 21:14:42.572 [info] Eager extensions activated
2023-03-13 21:14:42.580 [info] ExtensionService#_doActivateExtension vscode.debug-auto-launch, startup: false, activationEvent: 'onStartupFinished'
2023-03-13 21:14:42.581 [info] ExtensionService#_doActivateExtension vscode.merge-conflict, startup: false, activationEvent: 'onStartupFinished'
2023-03-13 21:14:42.581 [info] ExtensionService#_doActivateExtension PKief.material-icon-theme, startup: false, activationEvent: 'onStartupFinished'
2023-03-13 21:14:42.582 [info] ExtensionService#_doActivateExtension zokugun.cron-tasks, startup: false, activationEvent: 'onStartupFinished'
2023-03-13 21:14:42.673 [info] ExtensionService#_doActivateExtension vscode.github-authentication, startup: false, activationEvent: 'onAuthenticationRequest:github'
2023-03-13 21:14:44.813 [info] ExtensionService#_doActivateExtension vscode.git, startup: false, activationEvent: 'api', root cause: vscode.github
2023-03-13 21:14:44.901 [info] ExtensionService#_doActivateExtension alefragnani.project-manager, startup: false, activationEvent: '*'
2023-03-13 21:14:44.901 [info] ExtensionService#_doActivateExtension ritwickdey.LiveServer, startup: false, activationEvent: 'onStartupFinished'
2023-03-13 21:14:44.901 [info] ExtensionService#_doActivateExtension Shan.code-settings-sync, startup: false, activationEvent: '*'
2023-03-13 21:14:44.902 [info] ExtensionService#_doActivateExtension zokugun.sync-settings, startup: false, activationEvent: 'onStartupFinished'
2023-03-13 21:14:55.917 [info] Extension host terminating: received terminate message from renderer
2023-03-13 21:14:55.964 [info] Extension host with pid 5753 exiting with code 0
