2023-03-01 10:28:41.374 [info] Log level: Info
2023-03-01 10:28:41.374 [info] Validating found git in: "git"
2023-03-01 10:28:41.374 [info] Using git "2.39.2" from "git"
2023-03-01 10:28:41.374 [info] > git rev-parse --show-toplevel [29ms]
2023-03-01 10:28:41.374 [info] > git rev-parse --git-dir --git-common-dir [120ms]
2023-03-01 10:28:41.374 [info] Open repository: /home/ural/Projects/Code/Employee
2023-03-01 10:28:41.453 [info] > git config --get commit.template [59ms]
2023-03-01 10:28:41.511 [info] > git for-each-ref --format=%(refname)%00%(upstream:short)%00%(objectname)%00%(upstream:track)%00%(upstream:remotename)%00%(upstream:remoteref) refs/heads/main refs/remotes/main [22ms]
2023-03-01 10:28:41.877 [info] > git status -z -uall [336ms]
2023-03-01 10:28:41.966 [info] > git for-each-ref --sort -committerdate --format %(refname) %(objectname) %(*objectname) [407ms]
2023-03-01 10:28:42.294 [info] > git check-ignore -v -z --stdin [264ms]
2023-03-01 10:28:42.296 [info] > git config --get commit.template [211ms]
2023-03-01 10:28:42.443 [info] > git for-each-ref --format=%(refname)%00%(upstream:short)%00%(objectname)%00%(upstream:track)%00%(upstream:remotename)%00%(upstream:remoteref) refs/heads/main refs/remotes/main [7ms]
2023-03-01 10:28:42.499 [info] > git status -z -uall [27ms]
2023-03-01 10:28:42.523 [info] > git for-each-ref --sort -committerdate --format %(refname) %(objectname) %(*objectname) [36ms]
2023-03-01 10:28:42.613 [info] > git ls-files --stage -- /home/ural/Projects/Code/Employee/sandbox.js [12ms]
2023-03-01 10:28:42.651 [info] > git show --textconv :sandbox.js [66ms]
2023-03-01 10:28:42.653 [info] > git cat-file -s 631e7091df68611fa8a826914fbf57c02edc1d30 [12ms]
2023-03-01 11:15:54.268 [info] > git show --textconv :style.css [8ms]
2023-03-01 11:15:54.269 [info] > git ls-files --stage -- /home/ural/Projects/Code/Employee/style.css [3ms]
2023-03-01 11:15:54.277 [info] > git cat-file -s 83144801c1e5365d58bd65c160e8a09df1b45a3f [2ms]
2023-03-01 11:16:00.523 [info] > git config --get commit.template [21ms]
2023-03-01 11:16:00.525 [info] > git for-each-ref --format=%(refname)%00%(upstream:short)%00%(objectname)%00%(upstream:track)%00%(upstream:remotename)%00%(upstream:remoteref) refs/heads/main refs/remotes/main [5ms]
2023-03-01 11:16:00.554 [info] > git status -z -uall [12ms]
2023-03-01 11:16:00.556 [info] > git for-each-ref --sort -committerdate --format %(refname) %(objectname) %(*objectname) [3ms]
2023-03-01 11:18:15.752 [info] Log level: Info
2023-03-01 11:18:15.752 [info] Validating found git in: "git"
2023-03-01 11:18:15.752 [info] Using git "2.39.2" from "git"
2023-03-01 11:18:15.752 [info] > git rev-parse --show-toplevel [18ms]
2023-03-01 11:18:15.752 [info] fatal: not a git repository (or any of the parent directories): .git
2023-03-01 11:18:26.026 [info] > git rev-parse --show-toplevel [15ms]
2023-03-01 11:18:26.026 [info] fatal: not a git repository (or any of the parent directories): .git
2023-03-01 12:20:40.131 [info] > git rev-parse --show-toplevel [32ms]
2023-03-01 12:20:40.134 [info] fatal: not a git repository (or any of the parent directories): .git
2023-03-01 12:21:46.883 [info] > git rev-parse --show-toplevel [3ms]
2023-03-01 12:21:46.884 [info] fatal: not a git repository (or any of the parent directories): .git
2023-03-01 12:21:55.059 [info] > git rev-parse --show-toplevel [6ms]
2023-03-01 12:21:55.059 [info] fatal: not a git repository (or any of the parent directories): .git
2023-03-01 12:25:26.303 [info] > git rev-parse --show-toplevel [5ms]
2023-03-01 12:25:26.305 [info] fatal: not a git repository (or any of the parent directories): .git
2023-03-01 12:25:29.696 [info] > git rev-parse --show-toplevel [8ms]
2023-03-01 12:25:29.696 [info] fatal: not a git repository (or any of the parent directories): .git
2023-03-01 12:25:35.648 [info] > git rev-parse --show-toplevel [3ms]
2023-03-01 12:25:35.648 [info] fatal: not a git repository (or any of the parent directories): .git
2023-03-01 12:25:38.841 [info] > git rev-parse --show-toplevel [4ms]
2023-03-01 12:25:38.841 [info] fatal: not a git repository (or any of the parent directories): .git
2023-03-01 12:26:01.540 [info] > git rev-parse --show-toplevel [3ms]
2023-03-01 12:26:01.540 [info] fatal: not a git repository (or any of the parent directories): .git
2023-03-01 12:26:02.209 [info] > git rev-parse --show-toplevel [5ms]
2023-03-01 12:26:02.209 [info] fatal: not a git repository (or any of the parent directories): .git
2023-03-01 12:29:29.364 [info] > git rev-parse --show-toplevel [7ms]
2023-03-01 12:29:29.364 [info] fatal: not a git repository (or any of the parent directories): .git
2023-03-01 12:30:12.311 [info] > git rev-parse --show-toplevel [6ms]
2023-03-01 12:30:12.311 [info] fatal: not a git repository (or any of the parent directories): .git
2023-03-01 12:30:12.985 [info] > git rev-parse --show-toplevel [2ms]
2023-03-01 12:30:12.985 [info] fatal: not a git repository (or any of the parent directories): .git
2023-03-01 12:30:13.966 [info] > git rev-parse --show-toplevel [5ms]
2023-03-01 12:30:13.966 [info] fatal: not a git repository (or any of the parent directories): .git
2023-03-01 12:31:41.942 [info] > git rev-parse --show-toplevel [3ms]
2023-03-01 12:31:41.942 [info] fatal: not a git repository (or any of the parent directories): .git
2023-03-01 12:34:00.299 [info] > git rev-parse --show-toplevel [6ms]
2023-03-01 12:34:00.299 [info] fatal: not a git repository (or any of the parent directories): .git
2023-03-01 12:34:02.065 [info] > git rev-parse --show-toplevel [2ms]
2023-03-01 12:34:02.065 [info] fatal: not a git repository (or any of the parent directories): .git
2023-03-01 12:35:24.023 [info] > git rev-parse --show-toplevel [2ms]
2023-03-01 12:35:24.023 [info] fatal: not a git repository (or any of the parent directories): .git
2023-03-01 12:36:10.400 [info] > git rev-parse --show-toplevel [3ms]
2023-03-01 12:36:10.401 [info] fatal: not a git repository (or any of the parent directories): .git
2023-03-01 12:38:53.183 [info] > git rev-parse --show-toplevel [3ms]
2023-03-01 12:38:53.183 [info] fatal: not a git repository (or any of the parent directories): .git
2023-03-01 12:43:42.864 [info] > git rev-parse --show-toplevel [13ms]
2023-03-01 12:43:42.864 [info] fatal: not a git repository (or any of the parent directories): .git
2023-03-01 12:54:54.015 [info] > git rev-parse --show-toplevel [3ms]
2023-03-01 12:54:54.017 [info] fatal: not a git repository (or any of the parent directories): .git
2023-03-01 12:54:58.348 [info] > git rev-parse --show-toplevel [3ms]
2023-03-01 12:54:58.348 [info] fatal: not a git repository (or any of the parent directories): .git
2023-03-01 12:55:09.320 [info] > git rev-parse --show-toplevel [3ms]
2023-03-01 12:55:09.320 [info] fatal: not a git repository (or any of the parent directories): .git
2023-03-01 12:55:12.470 [info] > git rev-parse --show-toplevel [6ms]
2023-03-01 12:55:12.470 [info] fatal: not a git repository (or any of the parent directories): .git
2023-03-01 12:55:12.985 [info] > git rev-parse --show-toplevel [4ms]
2023-03-01 12:55:12.985 [info] fatal: not a git repository (or any of the parent directories): .git
2023-03-01 12:55:16.868 [info] > git rev-parse --show-toplevel [3ms]
2023-03-01 12:55:16.868 [info] fatal: not a git repository (or any of the parent directories): .git
2023-03-01 12:55:18.713 [info] > git rev-parse --show-toplevel [3ms]
2023-03-01 12:55:18.713 [info] fatal: not a git repository (or any of the parent directories): .git
2023-03-01 13:01:40.259 [info] > git rev-parse --show-toplevel [2ms]
2023-03-01 13:01:40.259 [info] fatal: not a git repository (or any of the parent directories): .git
2023-03-01 13:05:02.902 [info] > git rev-parse --show-toplevel [2ms]
2023-03-01 13:05:02.902 [info] fatal: not a git repository (or any of the parent directories): .git
2023-03-01 13:05:04.541 [info] > git rev-parse --show-toplevel [3ms]
2023-03-01 13:05:04.541 [info] fatal: not a git repository (or any of the parent directories): .git
2023-03-01 13:05:06.158 [info] > git rev-parse --show-toplevel [3ms]
2023-03-01 13:05:06.158 [info] fatal: not a git repository (or any of the parent directories): .git
2023-03-01 13:05:30.947 [info] > git rev-parse --show-toplevel [7ms]
2023-03-01 13:05:30.947 [info] fatal: not a git repository (or any of the parent directories): .git
2023-03-01 13:05:32.852 [info] > git rev-parse --show-toplevel [4ms]
2023-03-01 13:05:32.852 [info] fatal: not a git repository (or any of the parent directories): .git
2023-03-01 13:05:33.392 [info] > git rev-parse --show-toplevel [2ms]
2023-03-01 13:05:33.392 [info] fatal: not a git repository (or any of the parent directories): .git
2023-03-01 13:05:45.934 [info] > git rev-parse --show-toplevel [6ms]
2023-03-01 13:05:45.934 [info] fatal: not a git repository (or any of the parent directories): .git
2023-03-01 13:06:10.230 [info] > git rev-parse --show-toplevel [2ms]
2023-03-01 13:06:10.230 [info] fatal: not a git repository (or any of the parent directories): .git
2023-03-01 13:06:47.001 [info] > git rev-parse --show-toplevel [4ms]
2023-03-01 13:06:47.001 [info] fatal: not a git repository (or any of the parent directories): .git
2023-03-01 13:07:07.279 [info] > git rev-parse --show-toplevel [3ms]
2023-03-01 13:07:07.279 [info] fatal: not a git repository (or any of the parent directories): .git
2023-03-01 13:07:32.468 [info] > git rev-parse --show-toplevel [4ms]
2023-03-01 13:07:32.468 [info] fatal: not a git repository (or any of the parent directories): .git
2023-03-01 13:07:42.552 [info] > git rev-parse --show-toplevel [11ms]
2023-03-01 13:07:42.552 [info] fatal: not a git repository (or any of the parent directories): .git
2023-03-01 13:07:44.649 [info] > git rev-parse --show-toplevel [4ms]
2023-03-01 13:07:44.649 [info] fatal: not a git repository (or any of the parent directories): .git
2023-03-01 13:07:45.974 [info] > git rev-parse --show-toplevel [5ms]
2023-03-01 13:07:45.974 [info] fatal: not a git repository (or any of the parent directories): .git
2023-03-01 13:07:47.336 [info] > git rev-parse --show-toplevel [6ms]
2023-03-01 13:07:47.336 [info] fatal: not a git repository (or any of the parent directories): .git
2023-03-01 13:07:48.704 [info] > git rev-parse --show-toplevel [4ms]
2023-03-01 13:07:48.704 [info] fatal: not a git repository (or any of the parent directories): .git
2023-03-01 13:07:49.786 [info] > git rev-parse --show-toplevel [4ms]
2023-03-01 13:07:49.786 [info] fatal: not a git repository (or any of the parent directories): .git
2023-03-01 13:07:52.729 [info] > git rev-parse --show-toplevel [5ms]
2023-03-01 13:07:52.729 [info] fatal: not a git repository (or any of the parent directories): .git
2023-03-01 13:07:53.450 [info] > git rev-parse --show-toplevel [3ms]
2023-03-01 13:07:53.450 [info] fatal: not a git repository (or any of the parent directories): .git
2023-03-01 13:07:54.234 [info] > git rev-parse --show-toplevel [5ms]
2023-03-01 13:07:54.234 [info] fatal: not a git repository (or any of the parent directories): .git
2023-03-01 13:11:44.680 [info] > git rev-parse --show-toplevel [4ms]
2023-03-01 13:11:44.680 [info] fatal: not a git repository (or any of the parent directories): .git
2023-03-01 13:18:17.016 [info] > git rev-parse --show-toplevel [2ms]
2023-03-01 13:18:17.016 [info] fatal: not a git repository (or any of the parent directories): .git
2023-03-01 13:20:45.918 [info] > git rev-parse --show-toplevel [3ms]
2023-03-01 13:20:45.918 [info] fatal: not a git repository (or any of the parent directories): .git
2023-03-01 13:21:13.897 [info] > git rev-parse --show-toplevel [16ms]
2023-03-01 13:21:13.897 [info] fatal: not a git repository (or any of the parent directories): .git
2023-03-01 13:21:31.046 [info] > git rev-parse --show-toplevel [5ms]
2023-03-01 13:21:31.047 [info] fatal: not a git repository (or any of the parent directories): .git
2023-03-01 13:26:05.096 [info] > git rev-parse --show-toplevel [3ms]
2023-03-01 13:26:05.096 [info] fatal: not a git repository (or any of the parent directories): .git
2023-03-01 13:39:24.389 [info] > git rev-parse --show-toplevel [2ms]
2023-03-01 13:39:24.389 [info] fatal: not a git repository (or any of the parent directories): .git
2023-03-01 13:52:01.648 [info] > git rev-parse --show-toplevel [4ms]
2023-03-01 13:52:01.648 [info] fatal: not a git repository (or any of the parent directories): .git
2023-03-01 13:52:02.771 [info] > git rev-parse --show-toplevel [2ms]
2023-03-01 13:52:02.771 [info] fatal: not a git repository (or any of the parent directories): .git
2023-03-01 13:52:03.421 [info] > git rev-parse --show-toplevel [2ms]
2023-03-01 13:52:03.422 [info] fatal: not a git repository (or any of the parent directories): .git
2023-03-01 13:53:08.591 [info] > git rev-parse --show-toplevel [2ms]
2023-03-01 13:53:08.592 [info] fatal: not a git repository (or any of the parent directories): .git
2023-03-01 13:53:10.598 [info] > git rev-parse --show-toplevel [2ms]
2023-03-01 13:53:10.598 [info] fatal: not a git repository (or any of the parent directories): .git
2023-03-01 15:37:02.343 [info] > git rev-parse --show-toplevel [5ms]
2023-03-01 15:37:02.343 [info] fatal: not a git repository (or any of the parent directories): .git
2023-03-01 15:37:03.284 [info] > git rev-parse --show-toplevel [2ms]
2023-03-01 15:37:03.284 [info] fatal: not a git repository (or any of the parent directories): .git
2023-03-01 15:37:04.137 [info] > git rev-parse --show-toplevel [5ms]
2023-03-01 15:37:04.137 [info] fatal: not a git repository (or any of the parent directories): .git
2023-03-01 15:37:57.626 [info] > git rev-parse --show-toplevel [5ms]
2023-03-01 15:37:57.626 [info] fatal: not a git repository (or any of the parent directories): .git
2023-03-01 15:37:59.558 [info] > git rev-parse --show-toplevel [3ms]
2023-03-01 15:37:59.558 [info] fatal: not a git repository (or any of the parent directories): .git
2023-03-01 15:38:00.437 [info] > git rev-parse --show-toplevel [4ms]
2023-03-01 15:38:00.437 [info] fatal: not a git repository (or any of the parent directories): .git
2023-03-01 15:38:01.107 [info] > git rev-parse --show-toplevel [2ms]
2023-03-01 15:38:01.107 [info] fatal: not a git repository (or any of the parent directories): .git
2023-03-01 15:38:11.150 [info] > git rev-parse --show-toplevel [3ms]
2023-03-01 15:38:11.150 [info] fatal: not a git repository (or any of the parent directories): .git
2023-03-01 15:38:11.778 [info] > git rev-parse --show-toplevel [8ms]
2023-03-01 15:38:11.778 [info] fatal: not a git repository (or any of the parent directories): .git
2023-03-01 15:38:12.200 [info] > git rev-parse --show-toplevel [3ms]
2023-03-01 15:38:12.200 [info] fatal: not a git repository (or any of the parent directories): .git
2023-03-01 15:38:33.315 [info] > git rev-parse --show-toplevel [3ms]
2023-03-01 15:38:33.315 [info] fatal: not a git repository (or any of the parent directories): .git
2023-03-01 15:38:47.364 [info] > git rev-parse --show-toplevel [4ms]
2023-03-01 15:38:47.364 [info] fatal: not a git repository (or any of the parent directories): .git
2023-03-01 15:38:49.196 [info] > git rev-parse --show-toplevel [4ms]
2023-03-01 15:38:49.196 [info] fatal: not a git repository (or any of the parent directories): .git
2023-03-01 15:38:50.806 [info] > git rev-parse --show-toplevel [3ms]
2023-03-01 15:38:50.806 [info] fatal: not a git repository (or any of the parent directories): .git
2023-03-01 15:38:51.724 [info] > git rev-parse --show-toplevel [11ms]
2023-03-01 15:38:51.724 [info] fatal: not a git repository (or any of the parent directories): .git
2023-03-01 15:39:04.906 [info] > git rev-parse --show-toplevel [3ms]
2023-03-01 15:39:04.906 [info] fatal: not a git repository (or any of the parent directories): .git
2023-03-01 15:39:05.926 [info] > git rev-parse --show-toplevel [2ms]
2023-03-01 15:39:05.926 [info] fatal: not a git repository (or any of the parent directories): .git
2023-03-01 15:39:06.485 [info] > git rev-parse --show-toplevel [11ms]
2023-03-01 15:39:06.485 [info] fatal: not a git repository (or any of the parent directories): .git
2023-03-01 15:39:12.292 [info] > git rev-parse --show-toplevel [5ms]
2023-03-01 15:39:12.292 [info] fatal: not a git repository (or any of the parent directories): .git
2023-03-01 15:39:13.423 [info] > git rev-parse --show-toplevel [3ms]
2023-03-01 15:39:13.423 [info] fatal: not a git repository (or any of the parent directories): .git
2023-03-01 15:39:14.809 [info] > git rev-parse --show-toplevel [3ms]
2023-03-01 15:39:14.809 [info] fatal: not a git repository (or any of the parent directories): .git
2023-03-01 15:39:15.662 [info] > git rev-parse --show-toplevel [3ms]
2023-03-01 15:39:15.662 [info] fatal: not a git repository (or any of the parent directories): .git
2023-03-01 15:39:16.257 [info] > git rev-parse --show-toplevel [2ms]
2023-03-01 15:39:16.257 [info] fatal: not a git repository (or any of the parent directories): .git
2023-03-01 15:39:17.307 [info] > git rev-parse --show-toplevel [5ms]
2023-03-01 15:39:17.307 [info] fatal: not a git repository (or any of the parent directories): .git
2023-03-01 15:39:20.965 [info] > git rev-parse --show-toplevel [3ms]
2023-03-01 15:39:20.965 [info] fatal: not a git repository (or any of the parent directories): .git
2023-03-01 15:40:22.748 [info] > git rev-parse --show-toplevel [5ms]
2023-03-01 15:40:22.748 [info] fatal: not a git repository (or any of the parent directories): .git
2023-03-01 15:40:25.334 [info] > git rev-parse --show-toplevel [3ms]
2023-03-01 15:40:25.334 [info] fatal: not a git repository (or any of the parent directories): .git
2023-03-01 15:43:04.290 [info] > git rev-parse --show-toplevel [2ms]
2023-03-01 15:43:04.290 [info] fatal: not a git repository (or any of the parent directories): .git
2023-03-01 15:43:06.897 [info] > git rev-parse --show-toplevel [2ms]
2023-03-01 15:43:06.897 [info] fatal: not a git repository (or any of the parent directories): .git
2023-03-01 15:43:10.650 [info] > git rev-parse --show-toplevel [6ms]
2023-03-01 15:43:10.651 [info] fatal: not a git repository (or any of the parent directories): .git
2023-03-01 15:43:12.583 [info] > git rev-parse --show-toplevel [2ms]
2023-03-01 15:43:12.583 [info] fatal: not a git repository (or any of the parent directories): .git
2023-03-01 15:43:19.058 [info] > git rev-parse --show-toplevel [4ms]
2023-03-01 15:43:19.058 [info] fatal: not a git repository (or any of the parent directories): .git
2023-03-01 15:43:57.685 [info] > git rev-parse --show-toplevel [3ms]
2023-03-01 15:43:57.685 [info] fatal: not a git repository (or any of the parent directories): .git
2023-03-01 15:47:01.542 [info] > git rev-parse --show-toplevel [4ms]
2023-03-01 15:47:01.542 [info] fatal: not a git repository (or any of the parent directories): .git
2023-03-01 15:47:04.869 [info] > git rev-parse --show-toplevel [5ms]
2023-03-01 15:47:04.869 [info] fatal: not a git repository (or any of the parent directories): .git
2023-03-01 15:47:47.643 [info] > git rev-parse --show-toplevel [3ms]
2023-03-01 15:47:47.643 [info] fatal: not a git repository (or any of the parent directories): .git
2023-03-01 15:47:49.909 [info] > git rev-parse --show-toplevel [3ms]
2023-03-01 15:47:49.909 [info] fatal: not a git repository (or any of the parent directories): .git
2023-03-01 15:48:18.372 [info] > git rev-parse --show-toplevel [5ms]
2023-03-01 15:48:18.372 [info] fatal: not a git repository (or any of the parent directories): .git
2023-03-01 15:49:07.835 [info] > git rev-parse --show-toplevel [2ms]
2023-03-01 15:49:07.835 [info] fatal: not a git repository (or any of the parent directories): .git
2023-03-01 15:49:08.939 [info] > git rev-parse --show-toplevel [3ms]
2023-03-01 15:49:08.939 [info] fatal: not a git repository (or any of the parent directories): .git
2023-03-01 15:49:10.549 [info] > git rev-parse --show-toplevel [5ms]
2023-03-01 15:49:10.549 [info] fatal: not a git repository (or any of the parent directories): .git
2023-03-01 15:49:28.606 [info] > git rev-parse --show-toplevel [4ms]
2023-03-01 15:49:28.606 [info] fatal: not a git repository (or any of the parent directories): .git
2023-03-01 15:49:56.721 [info] > git rev-parse --show-toplevel [3ms]
2023-03-01 15:49:56.721 [info] fatal: not a git repository (or any of the parent directories): .git
2023-03-01 15:50:25.739 [info] > git rev-parse --show-toplevel [4ms]
2023-03-01 15:50:25.739 [info] fatal: not a git repository (or any of the parent directories): .git
2023-03-01 15:50:29.739 [info] > git rev-parse --show-toplevel [2ms]
2023-03-01 15:50:29.739 [info] fatal: not a git repository (or any of the parent directories): .git
2023-03-01 15:50:46.569 [info] > git rev-parse --show-toplevel [3ms]
2023-03-01 15:50:46.572 [info] fatal: not a git repository (or any of the parent directories): .git
2023-03-01 15:50:51.042 [info] > git rev-parse --show-toplevel [2ms]
2023-03-01 15:50:51.042 [info] fatal: not a git repository (or any of the parent directories): .git
2023-03-01 15:50:53.248 [info] > git rev-parse --show-toplevel [7ms]
2023-03-01 15:50:53.249 [info] fatal: not a git repository (or any of the parent directories): .git
2023-03-01 15:51:19.475 [info] > git rev-parse --show-toplevel [3ms]
2023-03-01 15:51:19.475 [info] fatal: not a git repository (or any of the parent directories): .git
2023-03-01 15:51:26.064 [info] > git rev-parse --show-toplevel [13ms]
2023-03-01 15:51:26.064 [info] fatal: not a git repository (or any of the parent directories): .git
2023-03-01 15:51:27.764 [info] > git rev-parse --show-toplevel [2ms]
2023-03-01 15:51:27.764 [info] fatal: not a git repository (or any of the parent directories): .git
2023-03-01 15:51:36.160 [info] > git rev-parse --show-toplevel [3ms]
2023-03-01 15:51:36.160 [info] fatal: not a git repository (or any of the parent directories): .git
2023-03-01 15:52:53.902 [info] > git rev-parse --show-toplevel [3ms]
2023-03-01 15:52:53.902 [info] fatal: not a git repository (or any of the parent directories): .git
2023-03-01 15:52:58.696 [info] > git rev-parse --show-toplevel [6ms]
2023-03-01 15:52:58.696 [info] fatal: not a git repository (or any of the parent directories): .git
2023-03-01 15:53:00.150 [info] > git rev-parse --show-toplevel [4ms]
2023-03-01 15:53:00.150 [info] fatal: not a git repository (or any of the parent directories): .git
2023-03-01 15:53:02.389 [info] > git rev-parse --show-toplevel [3ms]
2023-03-01 15:53:02.389 [info] fatal: not a git repository (or any of the parent directories): .git
2023-03-01 15:53:03.259 [info] > git rev-parse --show-toplevel [2ms]
2023-03-01 15:53:03.259 [info] fatal: not a git repository (or any of the parent directories): .git
2023-03-01 15:53:58.755 [info] > git rev-parse --show-toplevel [4ms]
2023-03-01 15:53:58.755 [info] fatal: not a git repository (or any of the parent directories): .git
2023-03-01 15:57:50.014 [info] > git rev-parse --show-toplevel [2ms]
2023-03-01 15:57:50.014 [info] fatal: not a git repository (or any of the parent directories): .git
2023-03-01 15:58:28.067 [info] > git rev-parse --show-toplevel [2ms]
2023-03-01 15:58:28.067 [info] fatal: not a git repository (or any of the parent directories): .git
2023-03-01 16:07:09.316 [info] > git rev-parse --show-toplevel [3ms]
2023-03-01 16:07:09.316 [info] fatal: not a git repository (or any of the parent directories): .git
2023-03-01 16:07:46.524 [info] > git rev-parse --show-toplevel [7ms]
2023-03-01 16:07:46.525 [info] fatal: not a git repository (or any of the parent directories): .git
2023-03-01 16:16:15.291 [info] > git rev-parse --show-toplevel [5ms]
2023-03-01 16:16:15.291 [info] fatal: not a git repository (or any of the parent directories): .git
2023-03-01 16:27:24.970 [info] > git rev-parse --show-toplevel [2ms]
2023-03-01 16:27:24.970 [info] fatal: not a git repository (or any of the parent directories): .git
2023-03-01 16:33:26.988 [info] > git rev-parse --show-toplevel [7ms]
2023-03-01 16:33:26.988 [info] fatal: not a git repository (or any of the parent directories): .git
2023-03-01 16:33:35.975 [info] > git rev-parse --show-toplevel [3ms]
2023-03-01 16:33:35.975 [info] fatal: not a git repository (or any of the parent directories): .git
