2023-03-02 10:30:07.190 [info] Reading sessions from keychain...
2023-03-02 10:30:07.190 [info] Getting sessions for user:email...
2023-03-02 10:30:07.190 [info] Getting sessions for all scopes...
2023-03-02 10:30:07.190 [info] Got 0 sessions for user:email...
2023-03-02 10:30:07.190 [info] Got 0 sessions for ...
2023-03-02 11:15:02.909 [info] Reading sessions from keychain...
2023-03-02 11:15:02.909 [info] Getting sessions for user:email...
2023-03-02 11:15:02.909 [info] Got 0 sessions for user:email...
2023-03-02 11:15:02.918 [info] Getting sessions for all scopes...
2023-03-02 11:15:02.919 [info] Got 0 sessions for ...
2023-03-02 11:15:35.246 [info] Reading sessions from keychain...
2023-03-02 11:15:35.246 [info] Getting sessions for user:email...
2023-03-02 11:15:35.246 [info] Getting sessions for all scopes...
2023-03-02 11:15:35.246 [info] Got 0 sessions for user:email...
2023-03-02 11:15:35.246 [info] Got 0 sessions for ...
2023-03-02 11:52:10.008 [info] Reading sessions from keychain...
2023-03-02 11:52:10.008 [info] Getting sessions for user:email...
2023-03-02 11:52:10.008 [info] Getting sessions for all scopes...
2023-03-02 11:52:10.008 [info] Got 0 sessions for user:email...
2023-03-02 11:52:10.008 [info] Got 0 sessions for ...
2023-03-02 11:53:24.500 [info] Reading sessions from keychain...
2023-03-02 11:53:24.500 [info] Getting sessions for user:email...
2023-03-02 11:53:24.500 [info] Got 0 sessions for user:email...
2023-03-02 11:53:24.758 [info] Getting sessions for all scopes...
2023-03-02 11:53:24.758 [info] Got 0 sessions for ...
