2023-03-07 10:29:33.158 [info] Extension host with pid 2870 started
2023-03-07 10:29:33.158 [info] Skipping acquiring lock for /home/ural/.config/VSCodium/User/workspaceStorage/5b9ded3f9cf7249a084759f600562d9b.
2023-03-07 10:29:33.950 [info] ExtensionService#_doActivateExtension vscode.emmet, startup: false, activationEvent: 'onLanguage'
2023-03-07 10:29:33.950 [info] ExtensionService#_doActivateExtension vscode.html-language-features, startup: false, activationEvent: 'onLanguage:html'
2023-03-07 10:29:33.951 [info] ExtensionService#_doActivateExtension vscode.git-base, startup: true, activationEvent: '*', root cause: vscode.git
2023-03-07 10:29:33.951 [info] ExtensionService#_doActivateExtension alefragnani.project-manager, startup: true, activationEvent: '*'
2023-03-07 10:29:33.952 [info] ExtensionService#_doActivateExtension Shan.code-settings-sync, startup: true, activationEvent: '*'
2023-03-07 10:29:33.952 [info] ExtensionService#_doActivateExtension vscodevim.vim, startup: true, activationEvent: '*'
2023-03-07 10:29:34.491 [info] ExtensionService#_doActivateExtension vscode.git, startup: true, activationEvent: '*'
2023-03-07 10:29:34.492 [info] ExtensionService#_doActivateExtension vscode.github, startup: true, activationEvent: '*'
2023-03-07 10:29:34.492 [info] ExtensionService#_doActivateExtension vscode.microsoft-authentication, startup: false, activationEvent: 'onAuthenticationRequest:microsoft'
2023-03-07 10:29:34.875 [info] Eager extensions activated
2023-03-07 10:29:34.944 [info] ExtensionService#_doActivateExtension vscode.debug-auto-launch, startup: false, activationEvent: 'onStartupFinished'
2023-03-07 10:29:34.948 [info] ExtensionService#_doActivateExtension vscode.merge-conflict, startup: false, activationEvent: 'onStartupFinished'
2023-03-07 10:29:34.949 [info] ExtensionService#_doActivateExtension PKief.material-icon-theme, startup: false, activationEvent: 'onStartupFinished'
2023-03-07 10:29:34.949 [info] ExtensionService#_doActivateExtension ritwickdey.LiveServer, startup: false, activationEvent: 'onStartupFinished'
2023-03-07 10:29:34.949 [info] ExtensionService#_doActivateExtension zokugun.cron-tasks, startup: false, activationEvent: 'onStartupFinished'
2023-03-07 10:29:35.272 [info] ExtensionService#_doActivateExtension vscode.github-authentication, startup: false, activationEvent: 'onAuthenticationRequest:github'
2023-03-07 10:29:35.328 [info] ExtensionService#_doActivateExtension zokugun.sync-settings, startup: false, activationEvent: 'onStartupFinished'
2023-03-07 10:30:44.068 [info] ExtensionService#_doActivateExtension vscode.typescript-language-features, startup: false, activationEvent: 'onLanguage:javascript'
