2023-03-25 09:36:20.574 [info] Extension host with pid 26400 started
2023-03-25 09:36:20.574 [info] Skipping acquiring lock for /home/ural/.config/VSCodium/User/workspaceStorage/e8c9185a0b273eb920ee9541ae0bb197.
2023-03-25 09:36:21.214 [info] ExtensionService#_doActivateExtension vscode.emmet, startup: false, activationEvent: 'onLanguage'
2023-03-25 09:36:21.215 [info] ExtensionService#_doActivateExtension vscode.typescript-language-features, startup: false, activationEvent: 'onLanguage:javascript'
2023-03-25 09:36:21.216 [info] ExtensionService#_doActivateExtension vscode.git-base, startup: true, activationEvent: '*', root cause: vscode.git
2023-03-25 09:36:21.216 [info] ExtensionService#_doActivateExtension alefragnani.project-manager, startup: true, activationEvent: '*'
2023-03-25 09:36:21.217 [info] ExtensionService#_doActivateExtension Shan.code-settings-sync, startup: true, activationEvent: '*'
2023-03-25 09:36:21.218 [info] ExtensionService#_doActivateExtension vscodevim.vim, startup: true, activationEvent: '*'
2023-03-25 09:36:21.704 [info] ExtensionService#_doActivateExtension vscode.microsoft-authentication, startup: false, activationEvent: 'onAuthenticationRequest:microsoft'
2023-03-25 09:36:22.373 [info] ExtensionService#_doActivateExtension vscode.git, startup: true, activationEvent: '*'
2023-03-25 09:36:22.374 [info] ExtensionService#_doActivateExtension vscode.github, startup: true, activationEvent: '*'
2023-03-25 09:36:23.346 [info] Eager extensions activated
2023-03-25 09:36:23.497 [info] ExtensionService#_doActivateExtension vscode.debug-auto-launch, startup: false, activationEvent: 'onStartupFinished'
2023-03-25 09:36:23.497 [info] ExtensionService#_doActivateExtension vscode.merge-conflict, startup: false, activationEvent: 'onStartupFinished'
2023-03-25 09:36:23.497 [info] ExtensionService#_doActivateExtension PKief.material-icon-theme, startup: false, activationEvent: 'onStartupFinished'
2023-03-25 09:36:23.498 [info] ExtensionService#_doActivateExtension ritwickdey.LiveServer, startup: false, activationEvent: 'onStartupFinished'
2023-03-25 09:36:23.498 [info] ExtensionService#_doActivateExtension zokugun.cron-tasks, startup: false, activationEvent: 'onStartupFinished'
2023-03-25 09:36:24.871 [info] ExtensionService#_doActivateExtension vscode.github-authentication, startup: false, activationEvent: 'onAuthenticationRequest:github'
2023-03-25 09:36:24.871 [info] ExtensionService#_doActivateExtension zokugun.sync-settings, startup: false, activationEvent: 'onStartupFinished'
2023-03-25 16:20:25.465 [info] Extension host terminating: received terminate message from renderer
2023-03-25 16:20:25.521 [info] Extension host with pid 26400 exiting with code 0
