2023-03-01 10:28:39.612 [info] Extension host with pid 1729 started
2023-03-01 10:28:39.612 [info] Skipping acquiring lock for /home/ural/.config/VSCodium/User/workspaceStorage/f7ce3b0f6f638dcebb9c839a86cfb45f.
2023-03-01 10:28:39.852 [info] ExtensionService#_doActivateExtension vscode.emmet, startup: false, activationEvent: 'onLanguage'
2023-03-01 10:28:39.853 [info] ExtensionService#_doActivateExtension vscode.typescript-language-features, startup: false, activationEvent: 'onLanguage:javascript'
2023-03-01 10:28:39.853 [info] ExtensionService#_doActivateExtension vscode.git-base, startup: true, activationEvent: '*', root cause: vscode.git
2023-03-01 10:28:39.853 [info] ExtensionService#_doActivateExtension alefragnani.project-manager, startup: true, activationEvent: '*'
2023-03-01 10:28:39.853 [info] ExtensionService#_doActivateExtension Shan.code-settings-sync, startup: true, activationEvent: '*'
2023-03-01 10:28:39.854 [info] ExtensionService#_doActivateExtension vscodevim.vim, startup: true, activationEvent: '*'
2023-03-01 10:28:40.893 [info] ExtensionService#_doActivateExtension vscode.git, startup: true, activationEvent: '*'
2023-03-01 10:28:40.893 [info] ExtensionService#_doActivateExtension vscode.github, startup: true, activationEvent: '*'
2023-03-01 10:28:41.159 [info] Eager extensions activated
2023-03-01 10:28:41.203 [info] ExtensionService#_doActivateExtension vscode.debug-auto-launch, startup: false, activationEvent: 'onStartupFinished'
2023-03-01 10:28:41.210 [info] ExtensionService#_doActivateExtension vscode.merge-conflict, startup: false, activationEvent: 'onStartupFinished'
2023-03-01 10:28:41.210 [info] ExtensionService#_doActivateExtension PKief.material-icon-theme, startup: false, activationEvent: 'onStartupFinished'
2023-03-01 10:28:41.211 [info] ExtensionService#_doActivateExtension ritwickdey.LiveServer, startup: false, activationEvent: 'onStartupFinished'
2023-03-01 10:28:41.211 [info] ExtensionService#_doActivateExtension zokugun.cron-tasks, startup: false, activationEvent: 'onStartupFinished'
2023-03-01 10:28:41.567 [info] ExtensionService#_doActivateExtension vscode.microsoft-authentication, startup: false, activationEvent: 'onAuthenticationRequest:microsoft'
2023-03-01 10:28:41.568 [info] ExtensionService#_doActivateExtension zokugun.sync-settings, startup: false, activationEvent: 'onStartupFinished'
2023-03-01 10:28:42.876 [info] ExtensionService#_doActivateExtension vscode.github-authentication, startup: false, activationEvent: 'onAuthenticationRequest:github'
2023-03-01 11:15:53.998 [info] ExtensionService#_doActivateExtension vscode.css-language-features, startup: false, activationEvent: 'onLanguage:css'
2023-03-01 11:18:10.497 [info] Extension host terminating: received terminate message from renderer
2023-03-01 11:18:10.573 [error] Canceled: Canceled
    at new u (/opt/vscodium-bin/resources/app/out/vs/workbench/api/node/extensionHostProcess.js:96:92736)
    at l._remoteCall (/opt/vscodium-bin/resources/app/out/vs/workbench/api/node/extensionHostProcess.js:106:13769)
    at Proxy.$.<computed>.N.charCodeAt.$.<computed> (/opt/vscodium-bin/resources/app/out/vs/workbench/api/node/extensionHostProcess.js:106:10315)
    at s._doExecuteCommand (/opt/vscodium-bin/resources/app/out/vs/workbench/api/node/extensionHostProcess.js:96:112905)
    at s.executeCommand (/opt/vscodium-bin/resources/app/out/vs/workbench/api/node/extensionHostProcess.js:96:112216)
    at E.registerCommand.description (/opt/vscodium-bin/resources/app/out/vs/workbench/api/node/extensionHostProcess.js:96:111443)
    at s._executeContributedCommand (/opt/vscodium-bin/resources/app/out/vs/workbench/api/node/extensionHostProcess.js:96:113540)
    at s._doExecuteCommand (/opt/vscodium-bin/resources/app/out/vs/workbench/api/node/extensionHostProcess.js:96:112356)
    at s.executeCommand (/opt/vscodium-bin/resources/app/out/vs/workbench/api/node/extensionHostProcess.js:96:112216)
    at Object.executeCommand (/opt/vscodium-bin/resources/app/out/vs/workbench/api/node/extensionHostProcess.js:117:33764)
    at D (/opt/vscodium-bin/resources/app/extensions/git/dist/main.js:2:2055322)
    at f.invoke (/opt/vscodium-bin/resources/app/out/vs/workbench/api/node/extensionHostProcess.js:63:145)
    at g.deliver (/opt/vscodium-bin/resources/app/out/vs/workbench/api/node/extensionHostProcess.js:63:2559)
    at d.fire (/opt/vscodium-bin/resources/app/out/vs/workbench/api/node/extensionHostProcess.js:63:2137)
    at Object.h [as dispose] (/opt/vscodium-bin/resources/app/extensions/git/dist/main.js:2:2070159)
    at /opt/vscodium-bin/resources/app/extensions/git/dist/main.js:2:2074226
    at Array.forEach (<anonymous>)
    at g.dispose (/opt/vscodium-bin/resources/app/extensions/git/dist/main.js:2:2074212)
    at C.<anonymous> (/opt/vscodium-bin/resources/app/out/vs/workbench/api/node/extensionHostProcess.js:94:13686)
    at C.dispose (/opt/vscodium-bin/resources/app/out/vs/workbench/api/node/extensionHostProcess.js:94:13821)
    at C.<anonymous> (/opt/vscodium-bin/resources/app/extensions/git/dist/main.js:2:2057452)
    at C.dispose (/opt/vscodium-bin/resources/app/out/vs/workbench/api/node/extensionHostProcess.js:94:13821)
    at k (/opt/vscodium-bin/resources/app/out/vs/workbench/api/node/extensionHostProcess.js:10:12140)
    at f._deactivate (/opt/vscodium-bin/resources/app/out/vs/workbench/api/node/extensionHostProcess.js:108:13198)
    at /opt/vscodium-bin/resources/app/out/vs/workbench/api/node/extensionHostProcess.js:108:10372
    at Array.map (<anonymous>)
    at f._deactivateAll (/opt/vscodium-bin/resources/app/out/vs/workbench/api/node/extensionHostProcess.js:108:10359)
    at f.terminate (/opt/vscodium-bin/resources/app/out/vs/workbench/api/node/extensionHostProcess.js:108:10744)
    at h.terminate (/opt/vscodium-bin/resources/app/out/vs/workbench/api/node/extensionHostProcess.js:112:1565)
    at p (/opt/vscodium-bin/resources/app/out/vs/workbench/api/node/extensionHostProcess.js:122:19074)
    at /opt/vscodium-bin/resources/app/out/vs/workbench/api/node/extensionHostProcess.js:122:16964
    at f.invoke (/opt/vscodium-bin/resources/app/out/vs/workbench/api/node/extensionHostProcess.js:63:145)
    at g.deliver (/opt/vscodium-bin/resources/app/out/vs/workbench/api/node/extensionHostProcess.js:63:2559)
    at d.fire (/opt/vscodium-bin/resources/app/out/vs/workbench/api/node/extensionHostProcess.js:63:2137)
    at p.fire (/opt/vscodium-bin/resources/app/out/vs/workbench/api/node/extensionHostProcess.js:72:17066)
    at t._receiveMessage (/opt/vscodium-bin/resources/app/out/vs/workbench/api/node/extensionHostProcess.js:72:23562)
    at /opt/vscodium-bin/resources/app/out/vs/workbench/api/node/extensionHostProcess.js:72:20001
    at f.invoke (/opt/vscodium-bin/resources/app/out/vs/workbench/api/node/extensionHostProcess.js:63:145)
    at g.deliver (/opt/vscodium-bin/resources/app/out/vs/workbench/api/node/extensionHostProcess.js:63:2559)
    at d.fire (/opt/vscodium-bin/resources/app/out/vs/workbench/api/node/extensionHostProcess.js:63:2137)
    at h.acceptChunk (/opt/vscodium-bin/resources/app/out/vs/workbench/api/node/extensionHostProcess.js:72:13890)
    at /opt/vscodium-bin/resources/app/out/vs/workbench/api/node/extensionHostProcess.js:72:13020
    at Socket.t (/opt/vscodium-bin/resources/app/out/vs/workbench/api/node/extensionHostProcess.js:72:28756)
    at Socket.emit (node:events:526:28)
    at addChunk (node:internal/streams/readable:315:12)
    at readableAddChunk (node:internal/streams/readable:289:9)
    at Socket.Readable.push (node:internal/streams/readable:228:10)
    at Pipe.onStreamRead (node:internal/stream_base_commons:190:23) setContext undefined
2023-03-01 11:18:11.160 [error] TypeError: Converting circular structure to JSON
    --> starting at object with constructor 't'
    |     property '_readableState' -> object with constructor 'M'
    |     property 'pipes' -> object with constructor 'Array'
    |     index 0 -> object with constructor 't.ConsoleForElectron'
    --- property 'parent' closes the circle
    at JSON.stringify (<anonymous>)
    at /home/ural/.vscode-oss/extensions/vscodevim.vim-1.24.3-universal/src/register/register.ts:333:16
    at process.async (node:internal/process/task_queues:96:5)
    at Object.e.deactivate (/home/ural/.vscode-oss/extensions/vscodevim.vim-1.24.3-universal/extension.ts:64:8)
    at async Promise.all (index 14)
    at f._deactivateAll (/opt/vscodium-bin/resources/app/out/vs/workbench/api/node/extensionHostProcess.js:108:10396)
2023-03-01 11:18:11.164 [info] Extension host with pid 1729 exiting with code 0
2023-03-01 11:18:12.614 [info] Extension host with pid 6140 started
2023-03-01 11:18:12.614 [info] Skipping acquiring lock for /home/ural/.config/VSCodium/User/workspaceStorage/c8c917150a0252b60cba43c9f2efa6a2.
2023-03-01 11:18:12.785 [info] ExtensionService#_doActivateExtension vscode.emmet, startup: false, activationEvent: 'onLanguage'
2023-03-01 11:18:12.786 [info] ExtensionService#_doActivateExtension vscode.git-base, startup: true, activationEvent: '*'
2023-03-01 11:18:12.786 [info] ExtensionService#_doActivateExtension vscodevim.vim, startup: true, activationEvent: '*'
2023-03-01 11:18:13.012 [info] ExtensionService#_doActivateExtension vscode.github, startup: true, activationEvent: '*'
2023-03-01 11:18:13.055 [info] Eager extensions activated
2023-03-01 11:18:13.074 [info] ExtensionService#_doActivateExtension vscode.debug-auto-launch, startup: false, activationEvent: 'onStartupFinished'
2023-03-01 11:18:13.075 [info] ExtensionService#_doActivateExtension vscode.merge-conflict, startup: false, activationEvent: 'onStartupFinished'
2023-03-01 11:18:13.075 [info] ExtensionService#_doActivateExtension PKief.material-icon-theme, startup: false, activationEvent: 'onStartupFinished'
2023-03-01 11:18:13.075 [info] ExtensionService#_doActivateExtension zokugun.cron-tasks, startup: false, activationEvent: 'onStartupFinished'
2023-03-01 11:18:13.076 [info] ExtensionService#_doActivateExtension vscode.microsoft-authentication, startup: false, activationEvent: 'onAuthenticationRequest:microsoft'
2023-03-01 11:18:13.271 [info] ExtensionService#_doActivateExtension vscode.github-authentication, startup: false, activationEvent: 'onAuthenticationRequest:github'
2023-03-01 11:18:15.548 [info] ExtensionService#_doActivateExtension vscode.git, startup: false, activationEvent: 'api', root cause: vscode.github
2023-03-01 11:18:15.581 [info] ExtensionService#_doActivateExtension alefragnani.project-manager, startup: false, activationEvent: '*'
2023-03-01 11:18:15.581 [info] ExtensionService#_doActivateExtension ritwickdey.LiveServer, startup: false, activationEvent: 'onStartupFinished'
2023-03-01 11:18:15.581 [info] ExtensionService#_doActivateExtension Shan.code-settings-sync, startup: false, activationEvent: '*'
2023-03-01 11:18:15.581 [info] ExtensionService#_doActivateExtension zokugun.sync-settings, startup: false, activationEvent: 'onStartupFinished'
2023-03-01 11:18:26.071 [info] ExtensionService#_doActivateExtension vscode.html-language-features, startup: false, activationEvent: 'onLanguage:html'
2023-03-01 12:20:40.511 [info] ExtensionService#_doActivateExtension vscode.typescript-language-features, startup: false, activationEvent: 'onLanguage:javascript'
2023-03-01 12:54:58.381 [info] ExtensionService#_doActivateExtension vscode.css-language-features, startup: false, activationEvent: 'onLanguage:css'
