2023-03-02 10:30:01.333 [warning] Via 'product.json#extensionEnabledApiProposals' extension 'ms-python.python' wants API proposal 'telemetryLogger' but that proposal DOES NOT EXIST. Likely, the proposal has been finalized (check 'vscode.d.ts') or was abandoned.
2023-03-02 10:30:01.354 [warning] Via 'product.json#extensionEnabledApiProposals' extension 'ms-vscode.azure-repos' wants API proposal 'telemetryLogger' but that proposal DOES NOT EXIST. Likely, the proposal has been finalized (check 'vscode.d.ts') or was abandoned.
2023-03-02 10:30:01.355 [warning] Via 'product.json#extensionEnabledApiProposals' extension 'ms-vscode.remote-repositories' wants API proposal 'telemetryLogger' but that proposal DOES NOT EXIST. Likely, the proposal has been finalized (check 'vscode.d.ts') or was abandoned.
2023-03-02 10:30:01.355 [warning] Via 'product.json#extensionEnabledApiProposals' extension 'github.vscode-pull-request-github' wants API proposal 'commentsResolvedState' but that proposal DOES NOT EXIST. Likely, the proposal has been finalized (check 'vscode.d.ts') or was abandoned.
2023-03-02 10:30:01.355 [warning] Via 'product.json#extensionEnabledApiProposals' extension 'github.remotehub' wants API proposal 'telemetryLogger' but that proposal DOES NOT EXIST. Likely, the proposal has been finalized (check 'vscode.d.ts') or was abandoned.
2023-03-02 10:30:34.685 [info] [perf] Render performance baseline is 72ms
2023-03-02 10:30:35.589 [error] RequestService#request (browser) - error https://open-vsx.org/vscode/gallery/extensionquery {}
2023-03-02 11:15:01.193 [warning] Via 'product.json#extensionEnabledApiProposals' extension 'ms-python.python' wants API proposal 'telemetryLogger' but that proposal DOES NOT EXIST. Likely, the proposal has been finalized (check 'vscode.d.ts') or was abandoned.
2023-03-02 11:15:01.208 [warning] Via 'product.json#extensionEnabledApiProposals' extension 'ms-vscode.azure-repos' wants API proposal 'telemetryLogger' but that proposal DOES NOT EXIST. Likely, the proposal has been finalized (check 'vscode.d.ts') or was abandoned.
2023-03-02 11:15:01.209 [warning] Via 'product.json#extensionEnabledApiProposals' extension 'ms-vscode.remote-repositories' wants API proposal 'telemetryLogger' but that proposal DOES NOT EXIST. Likely, the proposal has been finalized (check 'vscode.d.ts') or was abandoned.
2023-03-02 11:15:01.209 [warning] Via 'product.json#extensionEnabledApiProposals' extension 'github.vscode-pull-request-github' wants API proposal 'commentsResolvedState' but that proposal DOES NOT EXIST. Likely, the proposal has been finalized (check 'vscode.d.ts') or was abandoned.
2023-03-02 11:15:01.209 [warning] Via 'product.json#extensionEnabledApiProposals' extension 'github.remotehub' wants API proposal 'telemetryLogger' but that proposal DOES NOT EXIST. Likely, the proposal has been finalized (check 'vscode.d.ts') or was abandoned.
2023-03-02 11:15:05.064 [info] [perf] Render performance baseline is 44ms
2023-03-02 11:15:33.416 [warning] Via 'product.json#extensionEnabledApiProposals' extension 'ms-python.python' wants API proposal 'telemetryLogger' but that proposal DOES NOT EXIST. Likely, the proposal has been finalized (check 'vscode.d.ts') or was abandoned.
2023-03-02 11:15:33.430 [warning] Via 'product.json#extensionEnabledApiProposals' extension 'ms-vscode.azure-repos' wants API proposal 'telemetryLogger' but that proposal DOES NOT EXIST. Likely, the proposal has been finalized (check 'vscode.d.ts') or was abandoned.
2023-03-02 11:15:33.431 [warning] Via 'product.json#extensionEnabledApiProposals' extension 'ms-vscode.remote-repositories' wants API proposal 'telemetryLogger' but that proposal DOES NOT EXIST. Likely, the proposal has been finalized (check 'vscode.d.ts') or was abandoned.
2023-03-02 11:15:33.431 [warning] Via 'product.json#extensionEnabledApiProposals' extension 'github.vscode-pull-request-github' wants API proposal 'commentsResolvedState' but that proposal DOES NOT EXIST. Likely, the proposal has been finalized (check 'vscode.d.ts') or was abandoned.
2023-03-02 11:15:33.431 [warning] Via 'product.json#extensionEnabledApiProposals' extension 'github.remotehub' wants API proposal 'telemetryLogger' but that proposal DOES NOT EXIST. Likely, the proposal has been finalized (check 'vscode.d.ts') or was abandoned.
2023-03-02 11:15:37.123 [info] [perf] Render performance baseline is 39ms
2023-03-02 11:52:06.591 [warning] Via 'product.json#extensionEnabledApiProposals' extension 'ms-python.python' wants API proposal 'telemetryLogger' but that proposal DOES NOT EXIST. Likely, the proposal has been finalized (check 'vscode.d.ts') or was abandoned.
2023-03-02 11:52:06.605 [warning] Via 'product.json#extensionEnabledApiProposals' extension 'ms-vscode.azure-repos' wants API proposal 'telemetryLogger' but that proposal DOES NOT EXIST. Likely, the proposal has been finalized (check 'vscode.d.ts') or was abandoned.
2023-03-02 11:52:06.606 [warning] Via 'product.json#extensionEnabledApiProposals' extension 'ms-vscode.remote-repositories' wants API proposal 'telemetryLogger' but that proposal DOES NOT EXIST. Likely, the proposal has been finalized (check 'vscode.d.ts') or was abandoned.
2023-03-02 11:52:06.606 [warning] Via 'product.json#extensionEnabledApiProposals' extension 'github.vscode-pull-request-github' wants API proposal 'commentsResolvedState' but that proposal DOES NOT EXIST. Likely, the proposal has been finalized (check 'vscode.d.ts') or was abandoned.
2023-03-02 11:52:06.606 [warning] Via 'product.json#extensionEnabledApiProposals' extension 'github.remotehub' wants API proposal 'telemetryLogger' but that proposal DOES NOT EXIST. Likely, the proposal has been finalized (check 'vscode.d.ts') or was abandoned.
2023-03-02 11:52:11.040 [info] [perf] Render performance baseline is 128ms
2023-03-02 11:53:21.238 [warning] Via 'product.json#extensionEnabledApiProposals' extension 'ms-python.python' wants API proposal 'telemetryLogger' but that proposal DOES NOT EXIST. Likely, the proposal has been finalized (check 'vscode.d.ts') or was abandoned.
2023-03-02 11:53:21.252 [warning] Via 'product.json#extensionEnabledApiProposals' extension 'ms-vscode.azure-repos' wants API proposal 'telemetryLogger' but that proposal DOES NOT EXIST. Likely, the proposal has been finalized (check 'vscode.d.ts') or was abandoned.
2023-03-02 11:53:21.252 [warning] Via 'product.json#extensionEnabledApiProposals' extension 'ms-vscode.remote-repositories' wants API proposal 'telemetryLogger' but that proposal DOES NOT EXIST. Likely, the proposal has been finalized (check 'vscode.d.ts') or was abandoned.
2023-03-02 11:53:21.252 [warning] Via 'product.json#extensionEnabledApiProposals' extension 'github.vscode-pull-request-github' wants API proposal 'commentsResolvedState' but that proposal DOES NOT EXIST. Likely, the proposal has been finalized (check 'vscode.d.ts') or was abandoned.
2023-03-02 11:53:21.252 [warning] Via 'product.json#extensionEnabledApiProposals' extension 'github.remotehub' wants API proposal 'telemetryLogger' but that proposal DOES NOT EXIST. Likely, the proposal has been finalized (check 'vscode.d.ts') or was abandoned.
2023-03-02 11:53:25.465 [info] [perf] Render performance baseline is 69ms
