2023-03-02 10:30:01.747 [info] Added views:workbench.panel.markers.view in workbench.panel.markers
2023-03-02 10:30:01.747 [info] Added views:workbench.panel.output in workbench.panel.output
2023-03-02 10:30:01.747 [info] Added views:terminal in terminal
2023-03-02 10:30:01.747 [info] Added views:outline in workbench.view.explorer
2023-03-02 10:30:01.747 [info] Added views:workbench.scm in workbench.view.scm
2023-03-02 10:30:01.747 [info] Added views:workbench.view.search in workbench.view.search
2023-03-02 10:30:01.747 [info] Added views:timeline in workbench.view.explorer
2023-03-02 10:30:01.747 [info] Added views:workbench.explorer.fileView in workbench.view.explorer
2023-03-02 10:30:02.367 [info] Added views:workbench.debug.welcome in workbench.view.debug
2023-03-02 10:30:02.603 [info] Added views:projectsExplorerFavorites,projectManagerHelpAndFeedback in workbench.view.extension.project-manager
2023-03-02 10:30:03.829 [info] Added views:workbench.panel.repl.view in workbench.panel.repl
2023-03-02 10:30:04.343 [info] Added views:projectsExplorerGit in workbench.view.extension.project-manager
2023-03-02 11:15:01.514 [info] Added views:workbench.panel.markers.view in workbench.panel.markers
2023-03-02 11:15:01.514 [info] Added views:workbench.panel.output in workbench.panel.output
2023-03-02 11:15:01.514 [info] Added views:terminal in terminal
2023-03-02 11:15:01.514 [info] Added views:outline in workbench.view.explorer
2023-03-02 11:15:01.514 [info] Added views:workbench.scm in workbench.view.scm
2023-03-02 11:15:01.514 [info] Added views:workbench.view.search in workbench.view.search
2023-03-02 11:15:01.514 [info] Added views:timeline in workbench.view.explorer
2023-03-02 11:15:01.514 [info] Added views:workbench.explorer.fileView in workbench.view.explorer
2023-03-02 11:15:02.276 [info] Added views:workbench.debug.variablesView,workbench.debug.watchExpressionsView,workbench.debug.callStackView,workbench.debug.breakPointsView in workbench.view.debug
2023-03-02 11:15:02.391 [info] Added views:workbench.panel.repl.view in workbench.panel.repl
2023-03-02 11:15:02.396 [info] Removed views:workbench.debug.breakPointsView,workbench.debug.callStackView,workbench.debug.watchExpressionsView,workbench.debug.variablesView from workbench.view.debug
2023-03-02 11:15:02.401 [info] Added views:workbench.debug.welcome in workbench.view.debug
2023-03-02 11:15:08.137 [info] Added views:projectsExplorerFavorites,projectManagerHelpAndFeedback in workbench.view.extension.project-manager
2023-03-02 11:15:08.411 [info] Added views:projectsExplorerGit in workbench.view.extension.project-manager
2023-03-02 11:15:33.674 [info] Added views:workbench.panel.markers.view in workbench.panel.markers
2023-03-02 11:15:33.674 [info] Added views:workbench.panel.output in workbench.panel.output
2023-03-02 11:15:33.674 [info] Added views:terminal in terminal
2023-03-02 11:15:33.674 [info] Added views:outline in workbench.view.explorer
2023-03-02 11:15:33.674 [info] Added views:workbench.scm in workbench.view.scm
2023-03-02 11:15:33.674 [info] Added views:workbench.view.search in workbench.view.search
2023-03-02 11:15:33.674 [info] Added views:timeline in workbench.view.explorer
2023-03-02 11:15:33.674 [info] Added views:workbench.explorer.fileView in workbench.view.explorer
2023-03-02 11:15:33.961 [info] Added views:projectsExplorerFavorites,projectManagerHelpAndFeedback in workbench.view.extension.project-manager
2023-03-02 11:15:34.207 [info] Added views:workbench.debug.variablesView,workbench.debug.watchExpressionsView,workbench.debug.callStackView,workbench.debug.breakPointsView in workbench.view.debug
2023-03-02 11:15:34.437 [info] Added views:workbench.panel.repl.view in workbench.panel.repl
2023-03-02 11:15:34.440 [info] Removed views:workbench.debug.breakPointsView,workbench.debug.callStackView,workbench.debug.watchExpressionsView,workbench.debug.variablesView from workbench.view.debug
2023-03-02 11:15:34.443 [info] Added views:workbench.debug.welcome in workbench.view.debug
2023-03-02 11:15:34.849 [info] Added views:projectsExplorerGit in workbench.view.extension.project-manager
2023-03-02 11:52:06.904 [info] Added views:workbench.panel.markers.view in workbench.panel.markers
2023-03-02 11:52:06.904 [info] Added views:workbench.panel.output in workbench.panel.output
2023-03-02 11:52:06.904 [info] Added views:terminal in terminal
2023-03-02 11:52:06.904 [info] Added views:outline in workbench.view.explorer
2023-03-02 11:52:06.904 [info] Added views:workbench.scm in workbench.view.scm
2023-03-02 11:52:06.904 [info] Added views:workbench.view.search in workbench.view.search
2023-03-02 11:52:06.904 [info] Added views:timeline in workbench.view.explorer
2023-03-02 11:52:06.904 [info] Added views:workbench.explorer.fileView in workbench.view.explorer
2023-03-02 11:52:07.091 [info] Added views:workbench.debug.welcome in workbench.view.debug
2023-03-02 11:52:07.531 [info] Added views:projectsExplorerFavorites,projectManagerHelpAndFeedback in workbench.view.extension.project-manager
2023-03-02 11:52:08.344 [info] Added views:workbench.panel.repl.view in workbench.panel.repl
2023-03-02 11:52:08.785 [info] Added views:projectsExplorerGit in workbench.view.extension.project-manager
2023-03-02 11:53:21.565 [info] Added views:workbench.panel.markers.view in workbench.panel.markers
2023-03-02 11:53:21.565 [info] Added views:workbench.panel.output in workbench.panel.output
2023-03-02 11:53:21.565 [info] Added views:terminal in terminal
2023-03-02 11:53:21.565 [info] Added views:outline in workbench.view.explorer
2023-03-02 11:53:21.565 [info] Added views:workbench.scm in workbench.view.scm
2023-03-02 11:53:21.565 [info] Added views:workbench.view.search in workbench.view.search
2023-03-02 11:53:21.565 [info] Added views:timeline in workbench.view.explorer
2023-03-02 11:53:21.565 [info] Added views:workbench.explorer.fileView in workbench.view.explorer
2023-03-02 11:53:21.821 [info] Added views:workbench.debug.welcome in workbench.view.debug
2023-03-02 11:53:21.961 [info] Added views:projectsExplorerFavorites,projectManagerHelpAndFeedback in workbench.view.extension.project-manager
2023-03-02 11:53:22.742 [info] Added views:workbench.panel.repl.view in workbench.panel.repl
2023-03-02 11:53:23.194 [info] Added views:projectsExplorerGit in workbench.view.extension.project-manager
