2023-03-01 06:34:43.974 [info] Log level: Info
2023-03-01 06:34:43.974 [info] Validating found git in: "git"
2023-03-01 06:34:43.974 [info] Using git "2.39.2" from "git"
2023-03-01 06:34:44.002 [info] > git rev-parse --show-toplevel [20ms]
2023-03-01 06:34:44.029 [info] > git rev-parse --git-dir --git-common-dir [1ms]
2023-03-01 06:34:44.062 [info] Open repository: /home/ural/Projects/Code/Employee
2023-03-01 06:34:44.128 [info] > git config --get commit.template [39ms]
2023-03-01 06:34:44.180 [info] > git for-each-ref --format=%(refname)%00%(upstream:short)%00%(objectname)%00%(upstream:track)%00%(upstream:remotename)%00%(upstream:remoteref) refs/heads/main refs/remotes/main [43ms]
2023-03-01 06:34:44.213 [info] > git status -z -uall [21ms]
2023-03-01 06:34:44.272 [info] > git for-each-ref --sort -committerdate --format %(refname) %(objectname) %(*objectname) [61ms]
2023-03-01 06:34:44.335 [info] > git config --get commit.template [23ms]
2023-03-01 06:34:44.340 [info] > git for-each-ref --format=%(refname)%00%(upstream:short)%00%(objectname)%00%(upstream:track)%00%(upstream:remotename)%00%(upstream:remoteref) refs/heads/main refs/remotes/main [8ms]
2023-03-01 06:34:44.367 [info] > git status -z -uall [16ms]
2023-03-01 06:34:44.371 [info] > git for-each-ref --sort -committerdate --format %(refname) %(objectname) %(*objectname) [6ms]
2023-03-01 06:34:44.971 [info] > git check-ignore -v -z --stdin [282ms]
2023-03-01 06:34:45.169 [info] > git show --textconv :sandbox.js [33ms]
2023-03-01 06:34:45.181 [info] > git ls-files --stage -- /home/ural/Projects/Code/Employee/sandbox.js [23ms]
2023-03-01 06:34:45.212 [info] > git cat-file -s 631e7091df68611fa8a826914fbf57c02edc1d30 [7ms]
2023-03-01 06:35:43.250 [info] > git config --get commit.template [2ms]
2023-03-01 06:35:43.257 [info] > git for-each-ref --format=%(refname)%00%(upstream:short)%00%(objectname)%00%(upstream:track)%00%(upstream:remotename)%00%(upstream:remoteref) refs/heads/main refs/remotes/main [2ms]
2023-03-01 06:35:43.270 [info] > git status -z -uall [7ms]
2023-03-01 06:35:43.271 [info] > git for-each-ref --sort -committerdate --format %(refname) %(objectname) %(*objectname) [2ms]
2023-03-01 06:36:22.483 [info] > git config --get commit.template [7ms]
2023-03-01 06:36:22.484 [info] > git for-each-ref --format=%(refname)%00%(upstream:short)%00%(objectname)%00%(upstream:track)%00%(upstream:remotename)%00%(upstream:remoteref) refs/heads/main refs/remotes/main [2ms]
2023-03-01 06:36:22.498 [info] > git status -z -uall [7ms]
2023-03-01 06:36:22.499 [info] > git for-each-ref --sort -committerdate --format %(refname) %(objectname) %(*objectname) [2ms]
2023-03-01 06:37:11.673 [info] > git config --get commit.template [2ms]
2023-03-01 06:37:11.680 [info] > git for-each-ref --format=%(refname)%00%(upstream:short)%00%(objectname)%00%(upstream:track)%00%(upstream:remotename)%00%(upstream:remoteref) refs/heads/main refs/remotes/main [2ms]
2023-03-01 06:37:11.693 [info] > git status -z -uall [7ms]
2023-03-01 06:37:11.694 [info] > git for-each-ref --sort -committerdate --format %(refname) %(objectname) %(*objectname) [1ms]
2023-03-01 06:37:42.750 [info] > git config --get commit.template [1ms]
2023-03-01 06:37:42.756 [info] > git for-each-ref --format=%(refname)%00%(upstream:short)%00%(objectname)%00%(upstream:track)%00%(upstream:remotename)%00%(upstream:remoteref) refs/heads/main refs/remotes/main [1ms]
2023-03-01 06:37:42.774 [info] > git status -z -uall [11ms]
2023-03-01 06:37:42.778 [info] > git for-each-ref --sort -committerdate --format %(refname) %(objectname) %(*objectname) [5ms]
2023-03-01 06:38:00.778 [info] > git config --get commit.template [9ms]
2023-03-01 06:38:00.779 [info] > git for-each-ref --format=%(refname)%00%(upstream:short)%00%(objectname)%00%(upstream:track)%00%(upstream:remotename)%00%(upstream:remoteref) refs/heads/main refs/remotes/main [2ms]
2023-03-01 06:38:00.794 [info] > git status -z -uall [8ms]
2023-03-01 06:38:00.796 [info] > git for-each-ref --sort -committerdate --format %(refname) %(objectname) %(*objectname) [2ms]
2023-03-01 06:40:44.554 [info] > git config --get commit.template [11ms]
2023-03-01 06:40:44.555 [info] > git for-each-ref --format=%(refname)%00%(upstream:short)%00%(objectname)%00%(upstream:track)%00%(upstream:remotename)%00%(upstream:remoteref) refs/heads/main refs/remotes/main [2ms]
2023-03-01 06:40:44.569 [info] > git status -z -uall [8ms]
2023-03-01 06:40:44.570 [info] > git for-each-ref --sort -committerdate --format %(refname) %(objectname) %(*objectname) [2ms]
2023-03-01 06:41:02.873 [info] > git config --get commit.template [2ms]
2023-03-01 06:41:02.882 [info] > git for-each-ref --format=%(refname)%00%(upstream:short)%00%(objectname)%00%(upstream:track)%00%(upstream:remotename)%00%(upstream:remoteref) refs/heads/main refs/remotes/main [3ms]
2023-03-01 06:41:02.896 [info] > git status -z -uall [8ms]
2023-03-01 06:41:02.897 [info] > git for-each-ref --sort -committerdate --format %(refname) %(objectname) %(*objectname) [2ms]
2023-03-01 06:41:25.647 [info] > git config --get commit.template [3ms]
2023-03-01 06:41:25.661 [info] > git for-each-ref --format=%(refname)%00%(upstream:short)%00%(objectname)%00%(upstream:track)%00%(upstream:remotename)%00%(upstream:remoteref) refs/heads/main refs/remotes/main [2ms]
2023-03-01 06:41:25.677 [info] > git status -z -uall [9ms]
2023-03-01 06:41:25.678 [info] > git for-each-ref --sort -committerdate --format %(refname) %(objectname) %(*objectname) [3ms]
2023-03-01 06:41:58.149 [info] > git config --get commit.template [31ms]
2023-03-01 06:41:58.153 [info] > git for-each-ref --format=%(refname)%00%(upstream:short)%00%(objectname)%00%(upstream:track)%00%(upstream:remotename)%00%(upstream:remoteref) refs/heads/main refs/remotes/main [7ms]
2023-03-01 06:41:58.185 [info] > git status -z -uall [17ms]
2023-03-01 06:41:58.185 [info] > git for-each-ref --sort -committerdate --format %(refname) %(objectname) %(*objectname) [1ms]
2023-03-01 06:42:08.390 [info] > git config --get commit.template [9ms]
2023-03-01 06:42:08.390 [info] > git for-each-ref --format=%(refname)%00%(upstream:short)%00%(objectname)%00%(upstream:track)%00%(upstream:remotename)%00%(upstream:remoteref) refs/heads/main refs/remotes/main [2ms]
2023-03-01 06:42:08.404 [info] > git status -z -uall [7ms]
2023-03-01 06:42:08.405 [info] > git for-each-ref --sort -committerdate --format %(refname) %(objectname) %(*objectname) [2ms]
2023-03-01 06:44:33.898 [info] > git config --get commit.template [2ms]
2023-03-01 06:44:33.908 [info] > git for-each-ref --format=%(refname)%00%(upstream:short)%00%(objectname)%00%(upstream:track)%00%(upstream:remotename)%00%(upstream:remoteref) refs/heads/main refs/remotes/main [3ms]
2023-03-01 06:44:33.923 [info] > git status -z -uall [8ms]
2023-03-01 06:44:33.925 [info] > git for-each-ref --sort -committerdate --format %(refname) %(objectname) %(*objectname) [3ms]
2023-03-01 06:48:56.884 [info] > git config --get commit.template [11ms]
2023-03-01 06:48:56.886 [info] > git for-each-ref --format=%(refname)%00%(upstream:short)%00%(objectname)%00%(upstream:track)%00%(upstream:remotename)%00%(upstream:remoteref) refs/heads/main refs/remotes/main [4ms]
2023-03-01 06:48:56.904 [info] > git status -z -uall [10ms]
2023-03-01 06:48:56.906 [info] > git for-each-ref --sort -committerdate --format %(refname) %(objectname) %(*objectname) [1ms]
2023-03-01 07:23:09.780 [info] > git config --get commit.template [21ms]
2023-03-01 07:23:09.783 [info] > git for-each-ref --format=%(refname)%00%(upstream:short)%00%(objectname)%00%(upstream:track)%00%(upstream:remotename)%00%(upstream:remoteref) refs/heads/main refs/remotes/main [5ms]
2023-03-01 07:23:09.797 [info] > git status -z -uall [8ms]
2023-03-01 07:23:09.801 [info] > git for-each-ref --sort -committerdate --format %(refname) %(objectname) %(*objectname) [5ms]
