2023-03-01 10:28:36.420 [info] update#setState idle
2023-03-01 10:28:38.725 [info] Starting extension host with pid 1729 (fork() took 10 ms).
2023-03-01 10:29:06.423 [info] update#setState checking for updates
2023-03-01 10:29:11.218 [error] update#isLatestVersion(): failed to check for updates
2023-03-01 10:29:11.221 [error] Error: net::ERR_TIMED_OUT
    at SimpleURLLoaderWrapper.<anonymous> (node:electron/js2c/browser_init:101:7169)
    at SimpleURLLoaderWrapper.emit (node:events:526:28)
2023-03-01 10:29:33.139 [error] update#isLatestVersion(): failed to check for updates
2023-03-01 10:29:33.139 [error] Error: net::ERR_TIMED_OUT
    at SimpleURLLoaderWrapper.<anonymous> (node:electron/js2c/browser_init:101:7169)
    at SimpleURLLoaderWrapper.emit (node:events:526:28)
2023-03-01 10:29:41.320 [error] Error: net::ERR_TIMED_OUT
    at SimpleURLLoaderWrapper.<anonymous> (node:electron/js2c/browser_init:101:7169)
    at SimpleURLLoaderWrapper.emit (node:events:526:28)
2023-03-01 10:29:41.321 [info] update#setState idle
2023-03-01 11:18:11.188 [info] Extension host with pid 1729 exited with code: 0, signal: null.
2023-03-01 11:18:12.051 [info] Starting extension host with pid 6140 (fork() took 8 ms).
2023-03-01 11:29:07.072 [info] update#setState checking for updates
2023-03-01 11:29:09.045 [info] update#setState idle
2023-03-01 12:29:07.130 [info] update#setState checking for updates
2023-03-01 12:29:08.719 [info] update#setState idle
2023-03-01 13:29:07.193 [info] update#setState checking for updates
2023-03-01 13:29:09.109 [info] update#setState idle
2023-03-01 14:29:07.252 [info] update#setState checking for updates
2023-03-01 14:29:09.135 [info] update#setState idle
2023-03-01 15:29:07.260 [info] update#setState checking for updates
2023-03-01 15:29:09.229 [info] update#setState idle
2023-03-01 16:29:07.313 [info] update#setState checking for updates
2023-03-01 16:29:08.452 [info] update#setState idle
