2023-03-19 12:03:08.747 [info] Added views:workbench.panel.markers.view in workbench.panel.markers
2023-03-19 12:03:08.747 [info] Added views:workbench.panel.output in workbench.panel.output
2023-03-19 12:03:08.747 [info] Added views:terminal in terminal
2023-03-19 12:03:08.747 [info] Added views:outline in workbench.view.explorer
2023-03-19 12:03:08.747 [info] Added views:workbench.scm in workbench.view.scm
2023-03-19 12:03:08.747 [info] Added views:workbench.view.search in workbench.view.search
2023-03-19 12:03:08.747 [info] Added views:timeline in workbench.view.explorer
2023-03-19 12:03:08.747 [info] Added views:workbench.explorer.fileView in workbench.view.explorer
2023-03-19 12:03:09.171 [info] Added views:workbench.debug.welcome in workbench.view.debug
2023-03-19 12:03:09.873 [info] Added views:projectsExplorerFavorites,projectManagerHelpAndFeedback in workbench.view.extension.project-manager
2023-03-19 12:03:11.021 [info] Added views:workbench.panel.repl.view in workbench.panel.repl
2023-03-19 12:03:11.669 [info] Added views:projectsExplorerGit in workbench.view.extension.project-manager
2023-03-19 12:04:05.961 [info] Added views:workbench.panel.markers.view in workbench.panel.markers
2023-03-19 12:04:05.961 [info] Added views:workbench.panel.output in workbench.panel.output
2023-03-19 12:04:05.961 [info] Added views:terminal in terminal
2023-03-19 12:04:05.961 [info] Added views:outline in workbench.view.explorer
2023-03-19 12:04:05.961 [info] Added views:workbench.scm in workbench.view.scm
2023-03-19 12:04:05.961 [info] Added views:workbench.view.search in workbench.view.search
2023-03-19 12:04:05.961 [info] Added views:timeline in workbench.view.explorer
2023-03-19 12:04:05.961 [info] Added views:workbench.explorer.fileView in workbench.view.explorer
2023-03-19 12:04:06.282 [info] Added views:workbench.debug.variablesView,workbench.debug.watchExpressionsView,workbench.debug.callStackView,workbench.debug.breakPointsView in workbench.view.debug
2023-03-19 12:04:07.099 [info] Added views:workbench.panel.repl.view in workbench.panel.repl
2023-03-19 12:04:07.102 [info] Removed views:workbench.debug.breakPointsView,workbench.debug.callStackView,workbench.debug.watchExpressionsView,workbench.debug.variablesView from workbench.view.debug
2023-03-19 12:04:07.103 [info] Added views:workbench.debug.welcome in workbench.view.debug
2023-03-19 12:04:10.160 [info] Added views:projectsExplorerFavorites,projectManagerHelpAndFeedback in workbench.view.extension.project-manager
2023-03-19 12:04:10.524 [info] Added views:projectsExplorerGit in workbench.view.extension.project-manager
